INFO: Configuration Manager Module already loaded~~ $$<Add-OperationalCollections><01-15-2019 12:22:25.398><thread=0 (0x0)>
Collection All Systems | With Client already exist. Skipping, maintenance not enabled~~ $$<Add-OperationalCollections><01-15-2019 12:22:25.890><thread=0 (0x0)>
Collection All Systems | Without Client already exist. Skipping, maintenance not enabled~~ $$<Add-OperationalCollections><01-15-2019 12:22:26.229><thread=0 (0x0)>
Collection All Systems | With Client (Active) already exist. Skipping, maintenance not enabled~~ $$<Add-OperationalCollections><01-15-2019 12:22:26.594><thread=0 (0x0)>
Collection All Systems | With Client (Inactive) already exist. Skipping, maintenance not enabled~~ $$<Add-OperationalCollections><01-15-2019 12:22:26.917><thread=0 (0x0)>
Collection OS | Windows Workstation already exist. Skipping, maintenance not enabled~~ $$<Add-OperationalCollections><01-15-2019 12:22:27.237><thread=0 (0x0)>
Collection OS | Windows Server already exist. Skipping, maintenance not enabled~~ $$<Add-OperationalCollections><01-15-2019 12:22:27.647><thread=0 (0x0)>
INFO: Configuration Manager Module already loaded~~ $$<Add-OperationalCollections><01-15-2019 12:22:38.236><thread=0 (0x0)>
INFO: Configuration Manager Module already loaded~~ $$<Add-OperationalCollections><01-15-2019 12:30:07.405><thread=0 (0x0)>
INFO: Configuration Manager Module already loaded~~ $$<Add-OperationalCollections><01-15-2019 12:30:38.582><thread=0 (0x0)>
INFO: Configuration Manager Module already loaded~~ $$<Add-OperationalCollections><01-15-2019 12:31:08.082><thread=0 (0x0)>
INFO: Configuration Manager Module already loaded~~ $$<Add-OperationalCollections><01-15-2019 12:37:31.204><thread=0 (0x0)>
Collection All Systems | With Client already exist. Maintenance enabled~~ $$<Add-OperationalCollections><01-15-2019 12:37:31.570><thread=0 (0x0)>
Collection All Systems | Without Client already exist. Maintenance enabled~~ $$<Add-OperationalCollections><01-15-2019 12:37:32.204><thread=0 (0x0)>
Collection All Systems | With Client (Active) already exist. Maintenance enabled~~ $$<Add-OperationalCollections><01-15-2019 12:37:32.834><thread=0 (0x0)>
Collection All Systems | With Client (Inactive) already exist. Maintenance enabled~~ $$<Add-OperationalCollections><01-15-2019 12:37:33.460><thread=0 (0x0)>
Collection OS | Windows Workstation already exist. Maintenance enabled~~ $$<Add-OperationalCollections><01-15-2019 12:37:34.081><thread=0 (0x0)>
INFO: Configuration Manager Module already loaded~~ $$<Add-OperationalCollections><01-15-2019 12:38:18.462><thread=0 (0x0)>
Collection All Systems | With Client already exist. Maintenance enabled~~ $$<Add-OperationalCollections><01-15-2019 12:38:18.791><thread=0 (0x0)>
Collection All Systems | Without Client already exist. Maintenance enabled~~ $$<Add-OperationalCollections><01-15-2019 12:38:19.444><thread=0 (0x0)>
INFO: Configuration Manager Module already loaded~~ $$<Add-OperationalCollections><01-15-2019 12:39:25.053><thread=0 (0x0)>
Collection All Systems | With Client already exist. Maintenance enabled~~ $$<Add-OperationalCollections><01-15-2019 12:39:25.418><thread=0 (0x0)>
Collection All Systems | Without Client already exist. Maintenance enabled~~ $$<Add-OperationalCollections><01-15-2019 12:39:26.088><thread=0 (0x0)>
Collection All Systems | With Client (Active) already exist. Maintenance enabled~~ $$<Add-OperationalCollections><01-15-2019 12:39:26.710><thread=0 (0x0)>
Collection All Systems | With Client (Inactive) already exist. Maintenance enabled~~ $$<Add-OperationalCollections><01-15-2019 12:39:27.334><thread=0 (0x0)>
Collection OS | Windows Workstation already exist. Maintenance enabled~~ $$<Add-OperationalCollections><01-15-2019 12:39:28.067><thread=0 (0x0)>
Collection OS | Windows Server already exist. Maintenance enabled~~ $$<Add-OperationalCollections><01-15-2019 12:39:28.693><thread=0 (0x0)>
INFO: Configuration Manager Module already loaded~~ $$<Add-OperationalCollections><01-15-2019 12:40:17.373><thread=0 (0x0)>
Collection All Systems | With Client already exist. Maintenance enabled~~ $$<Add-OperationalCollections><01-15-2019 12:40:17.701><thread=0 (0x0)>
Collection All Systems | Without Client already exist. Maintenance enabled~~ $$<Add-OperationalCollections><01-15-2019 12:40:18.341><thread=0 (0x0)>
Collection All Systems | With Client (Active) already exist. Maintenance enabled~~ $$<Add-OperationalCollections><01-15-2019 12:40:18.966><thread=0 (0x0)>
Collection All Systems | With Client (Inactive) already exist. Maintenance enabled~~ $$<Add-OperationalCollections><01-15-2019 12:40:19.590><thread=0 (0x0)>
Collection OS | Windows Workstation already exist. Maintenance enabled~~ $$<Add-OperationalCollections><01-15-2019 12:40:20.217><thread=0 (0x0)>
INFO: Configuration Manager Module already loaded~~ $$<Add-OperationalCollections><01-15-2019 12:46:03.651><thread=0 (0x0)>
Collection All Systems | With Client already exist. Maintenance enabled~~ $$<Add-OperationalCollections><01-15-2019 12:46:04.062><thread=0 (0x0)>
Collection All Systems | Without Client already exist. Maintenance enabled~~ $$<Add-OperationalCollections><01-15-2019 12:46:04.707><thread=0 (0x0)>
Collection All Systems | With Client (Active) already exist. Maintenance enabled~~ $$<Add-OperationalCollections><01-15-2019 12:46:05.330><thread=0 (0x0)>
All Systems | With Client (Active). Corrected limiting collection to All Systems | With Client~~ $$<Add-OperationalCollections><01-15-2019 12:46:06.165><thread=0 (0x0)>
Collection All Systems | With Client (Inactive) already exist. Maintenance enabled~~ $$<Add-OperationalCollections><01-15-2019 12:46:06.501><thread=0 (0x0)>
Collection OS | Windows Workstation already exist. Maintenance enabled~~ $$<Add-OperationalCollections><01-15-2019 12:46:07.126><thread=0 (0x0)>
Collection OS | Windows Server already exist. Maintenance enabled~~ $$<Add-OperationalCollections><01-15-2019 12:46:07.752><thread=0 (0x0)>
Collection OS | Other already exist. Maintenance enabled~~ $$<Add-OperationalCollections><01-15-2019 12:46:08.372><thread=0 (0x0)>
Collection OS | Windows Workstation | Windows 7 already exist. Maintenance enabled~~ $$<Add-OperationalCollections><01-15-2019 12:46:09.002><thread=0 (0x0)>
Collection OS | Windows Workstation | Windows 8 already exist. Maintenance enabled~~ $$<Add-OperationalCollections><01-15-2019 12:46:09.723><thread=0 (0x0)>
INFO: Configuration Manager Module already loaded~~ $$<Add-OperationalCollections><01-15-2019 14:03:01.210><thread=0 (0x0)>
All Systems | With Client. Collection already exist. Maintenance enabled~~ $$<Add-OperationalCollections><01-15-2019 14:03:01.597><thread=0 (0x0)>
All Systems | Without Client. Collection already exist. Maintenance enabled~~ $$<Add-OperationalCollections><01-15-2019 14:03:02.307><thread=0 (0x0)>
All Systems | With Client (Active). Collection already exist. Maintenance enabled~~ $$<Add-OperationalCollections><01-15-2019 14:03:03.070><thread=0 (0x0)>
All Systems | With Client (Inactive). Collection already exist. Maintenance enabled~~ $$<Add-OperationalCollections><01-15-2019 14:03:03.713><thread=0 (0x0)>
INFO: Configuration Manager Module already loaded~~ $$<Add-OperationalCollections><01-15-2019 14:03:12.273><thread=0 (0x0)>
All Systems | With Client. Collection already exist. Skipping, maintenance not enabled~~ $$<Add-OperationalCollections><01-15-2019 14:03:12.608><thread=0 (0x0)>
All Systems | Without Client. Collection already exist. Skipping, maintenance not enabled~~ $$<Add-OperationalCollections><01-15-2019 14:03:12.930><thread=0 (0x0)>
All Systems | With Client (Active). Collection already exist. Skipping, maintenance not enabled~~ $$<Add-OperationalCollections><01-15-2019 14:03:13.243><thread=0 (0x0)>
All Systems | With Client (Inactive). Collection already exist. Skipping, maintenance not enabled~~ $$<Add-OperationalCollections><01-15-2019 14:03:13.554><thread=0 (0x0)>
OS | Windows Workstation. Collection already exist. Skipping, maintenance not enabled~~ $$<Add-OperationalCollections><01-15-2019 14:03:13.866><thread=0 (0x0)>
OS | Windows Server. Collection already exist. Skipping, maintenance not enabled~~ $$<Add-OperationalCollections><01-15-2019 14:03:14.180><thread=0 (0x0)>
OS | Other. Collection already exist. Skipping, maintenance not enabled~~ $$<Add-OperationalCollections><01-15-2019 14:03:14.601><thread=0 (0x0)>
OS | Windows Workstation | Windows 7. Collection already exist. Skipping, maintenance not enabled~~ $$<Add-OperationalCollections><01-15-2019 14:03:14.932><thread=0 (0x0)>
OS | Windows Workstation | Windows 8. Collection already exist. Skipping, maintenance not enabled~~ $$<Add-OperationalCollections><01-15-2019 14:03:15.380><thread=0 (0x0)>
OS | Windows Workstation | Windows 8.1. Collection already exist. Skipping, maintenance not enabled~~ $$<Add-OperationalCollections><01-15-2019 14:03:15.737><thread=0 (0x0)>
OS | Windows Workstation | Windows 10. Collection already exist. Skipping, maintenance not enabled~~ $$<Add-OperationalCollections><01-15-2019 14:03:16.169><thread=0 (0x0)>
OS | Windows Workstation | Windows 10 | 1507 (build 10240). Collection already exist. Skipping, maintenance not enabled~~ $$<Add-OperationalCollections><01-15-2019 14:03:16.635><thread=0 (0x0)>
OS | Windows Workstation | Windows 10 | 1511 (build 10586). Collection already exist. Skipping, maintenance not enabled~~ $$<Add-OperationalCollections><01-15-2019 14:03:17.127><thread=0 (0x0)>
OS | Windows Workstation | Windows 10 | 1607 (build 14393). Collection already exist. Skipping, maintenance not enabled~~ $$<Add-OperationalCollections><01-15-2019 14:03:17.643><thread=0 (0x0)>
OS | Windows Workstation | Windows 10 | 1703 (build 15063). Collection already exist. Skipping, maintenance not enabled~~ $$<Add-OperationalCollections><01-15-2019 14:03:18.032><thread=0 (0x0)>
OS | Windows Workstation | Windows 10 | 1709 (build 16299). Collection already exist. Skipping, maintenance not enabled~~ $$<Add-OperationalCollections><01-15-2019 14:03:18.433><thread=0 (0x0)>
INFO: Configuration Manager Module already loaded~~ $$<Add-OperationalCollections><01-15-2019 14:03:31.441><thread=0 (0x0)>
All Systems | With Client. Collection already exist. Maintenance enabled~~ $$<Add-OperationalCollections><01-15-2019 14:03:31.857><thread=0 (0x0)>
All Systems | Without Client. Collection already exist. Maintenance enabled~~ $$<Add-OperationalCollections><01-15-2019 14:03:32.584><thread=0 (0x0)>
All Systems | With Client (Active). Collection already exist. Maintenance enabled~~ $$<Add-OperationalCollections><01-15-2019 14:03:33.364><thread=0 (0x0)>
All Systems | With Client (Inactive). Collection already exist. Maintenance enabled~~ $$<Add-OperationalCollections><01-15-2019 14:03:33.991><thread=0 (0x0)>
INFO: Configuration Manager Module already loaded~~ $$<Add-OperationalCollections><01-15-2019 14:11:07.984><thread=0 (0x0)>
All Systems | With Client. Collection already exist. Maintenance enabled~~ $$<Add-OperationalCollections><01-15-2019 14:11:08.347><thread=0 (0x0)>
All Systems | With Client. Corrected refresh type~~ $$<Add-OperationalCollections><01-15-2019 14:11:09.098><thread=0 (0x0)>
All Systems | Without Client. Collection already exist. Maintenance enabled~~ $$<Add-OperationalCollections><01-15-2019 14:11:09.455><thread=0 (0x0)>
All Systems | With Client (Active). Collection already exist. Maintenance enabled~~ $$<Add-OperationalCollections><01-15-2019 14:11:10.116><thread=0 (0x0)>
All Systems | With Client (Inactive). Collection already exist. Maintenance enabled~~ $$<Add-OperationalCollections><01-15-2019 14:11:10.844><thread=0 (0x0)>
OS | Windows Workstation. Collection already exist. Maintenance enabled~~ $$<Add-OperationalCollections><01-15-2019 14:11:11.518><thread=0 (0x0)>
INFO: Configuration Manager Module already loaded~~ $$<Add-OperationalCollections><01-15-2019 14:24:28.717><thread=0 (0x0)>
All Systems | With Client. Collection already exist. Maintenance enabled~~ $$<Add-OperationalCollections><01-15-2019 14:24:29.155><thread=0 (0x0)>
All Systems | Without Client. Collection already exist. Maintenance enabled~~ $$<Add-OperationalCollections><01-15-2019 14:24:29.940><thread=0 (0x0)>
All Systems | With Client (Active). Collection already exist. Maintenance enabled~~ $$<Add-OperationalCollections><01-15-2019 14:24:30.644><thread=0 (0x0)>
All Systems | With Client (Inactive). Collection already exist. Maintenance enabled~~ $$<Add-OperationalCollections><01-15-2019 14:24:31.295><thread=0 (0x0)>
OS | Windows Workstation. Collection already exist. Maintenance enabled~~ $$<Add-OperationalCollections><01-15-2019 14:24:31.924><thread=0 (0x0)>
INFO: Configuration Manager Module already loaded~~ $$<Add-OperationalCollections><01-15-2019 14:25:09.637><thread=0 (0x0)>
All Systems | With Client. Collection already exist. Maintenance enabled~~ $$<Add-OperationalCollections><01-15-2019 14:25:09.991><thread=0 (0x0)>
All Systems | Without Client. Collection already exist. Maintenance enabled~~ $$<Add-OperationalCollections><01-15-2019 14:25:10.627><thread=0 (0x0)>
All Systems | With Client (Active). Collection already exist. Maintenance enabled~~ $$<Add-OperationalCollections><01-15-2019 14:25:11.253><thread=0 (0x0)>
All Systems | With Client (Inactive). Collection already exist. Maintenance enabled~~ $$<Add-OperationalCollections><01-15-2019 14:25:11.880><thread=0 (0x0)>
OS | Windows Workstation. Collection already exist. Maintenance enabled~~ $$<Add-OperationalCollections><01-15-2019 14:25:12.518><thread=0 (0x0)>
OS | Windows Server. Collection already exist. Maintenance enabled~~ $$<Add-OperationalCollections><01-15-2019 14:25:13.141><thread=0 (0x0)>
OS | Other. Collection already exist. Maintenance enabled~~ $$<Add-OperationalCollections><01-15-2019 14:25:13.771><thread=0 (0x0)>
OS | Windows Workstation | Windows 7. Collection already exist. Maintenance enabled~~ $$<Add-OperationalCollections><01-15-2019 14:25:14.394><thread=0 (0x0)>
OS | Windows Workstation | Windows 8. Collection already exist. Maintenance enabled~~ $$<Add-OperationalCollections><01-15-2019 14:25:15.036><thread=0 (0x0)>
OS | Windows Workstation | Windows 8.1. Collection already exist. Maintenance enabled~~ $$<Add-OperationalCollections><01-15-2019 14:25:15.657><thread=0 (0x0)>
OS | Windows Workstation | Windows 10. Collection already exist. Maintenance enabled~~ $$<Add-OperationalCollections><01-15-2019 14:25:16.283><thread=0 (0x0)>
INFO: Configuration Manager Module already loaded~~ $$<Add-OperationalCollections><01-15-2019 14:25:38.597><thread=0 (0x0)>
All Systems | With Client. Collection already exist. Maintenance enabled~~ $$<Add-OperationalCollections><01-15-2019 14:25:38.932><thread=0 (0x0)>
All Systems | Without Client. Collection already exist. Maintenance enabled~~ $$<Add-OperationalCollections><01-15-2019 14:25:39.560><thread=0 (0x0)>
All Systems | With Client (Active). Collection already exist. Maintenance enabled~~ $$<Add-OperationalCollections><01-15-2019 14:25:40.186><thread=0 (0x0)>
INFO: Configuration Manager Module already loaded~~ $$<Add-OperationalCollections><01-15-2019 14:30:16.411><thread=0 (0x0)>
All Systems | With Client. Collection already exist. Maintenance enabled~~ $$<Add-OperationalCollections><01-15-2019 14:30:16.783><thread=0 (0x0)>
All Systems | With Client. Corrected refresh schedule~~ $$<Add-OperationalCollections><01-15-2019 14:30:17.574><thread=0 (0x0)>
All Systems | Without Client. Collection already exist. Maintenance enabled~~ $$<Add-OperationalCollections><01-15-2019 14:30:17.888><thread=0 (0x0)>
All Systems | With Client (Active). Collection already exist. Maintenance enabled~~ $$<Add-OperationalCollections><01-15-2019 14:30:18.529><thread=0 (0x0)>
All Systems | With Client (Inactive). Collection already exist. Maintenance enabled~~ $$<Add-OperationalCollections><01-15-2019 14:30:19.154><thread=0 (0x0)>
OS | Windows Workstation. Collection already exist. Maintenance enabled~~ $$<Add-OperationalCollections><01-15-2019 14:30:19.905><thread=0 (0x0)>
OS | Windows Server. Collection already exist. Maintenance enabled~~ $$<Add-OperationalCollections><01-15-2019 14:30:20.532><thread=0 (0x0)>
OS | Other. Collection already exist. Maintenance enabled~~ $$<Add-OperationalCollections><01-15-2019 14:30:21.170><thread=0 (0x0)>
INFO: Configuration Manager Module already loaded~~ $$<Add-OperationalCollections><01-15-2019 14:36:24.768><thread=0 (0x0)>
All Systems | With Client. Collection already exist. Maintenance enabled~~ $$<Add-OperationalCollections><01-15-2019 14:36:25.157><thread=0 (0x0)>
All Systems | With Client. Corrected collection comment~~ $$<Add-OperationalCollections><01-15-2019 14:36:25.770><thread=0 (0x0)>
All Systems | Without Client. Collection already exist. Maintenance enabled~~ $$<Add-OperationalCollections><01-15-2019 14:36:26.089><thread=0 (0x0)>
All Systems | Without Client. Corrected collection comment~~ $$<Add-OperationalCollections><01-15-2019 14:36:26.735><thread=0 (0x0)>
All Systems | With Client (Active). Collection already exist. Maintenance enabled~~ $$<Add-OperationalCollections><01-15-2019 14:36:27.048><thread=0 (0x0)>
All Systems | With Client (Active). Corrected collection comment~~ $$<Add-OperationalCollections><01-15-2019 14:36:27.659><thread=0 (0x0)>
All Systems | With Client (Inactive). Collection already exist. Maintenance enabled~~ $$<Add-OperationalCollections><01-15-2019 14:36:27.966><thread=0 (0x0)>
All Systems | With Client (Inactive). Corrected collection comment~~ $$<Add-OperationalCollections><01-15-2019 14:36:28.622><thread=0 (0x0)>
OS | Windows Workstation. Collection already exist. Maintenance enabled~~ $$<Add-OperationalCollections><01-15-2019 14:36:28.955><thread=0 (0x0)>
OS | Windows Workstation. Corrected collection comment~~ $$<Add-OperationalCollections><01-15-2019 14:36:29.557><thread=0 (0x0)>
OS | Windows Server. Collection already exist. Maintenance enabled~~ $$<Add-OperationalCollections><01-15-2019 14:36:29.878><thread=0 (0x0)>
OS | Windows Server. Corrected collection comment~~ $$<Add-OperationalCollections><01-15-2019 14:36:30.454><thread=0 (0x0)>
INFO: Configuration Manager Module already loaded~~ $$<Add-OperationalCollections><01-15-2019 14:37:26.576><thread=0 (0x0)>
All Systems | With Client. Collection already exist. Maintenance enabled~~ $$<Add-OperationalCollections><01-15-2019 14:37:26.918><thread=0 (0x0)>
All Systems | With Client. Corrected collection comment~~ $$<Add-OperationalCollections><01-15-2019 14:37:27.521><thread=0 (0x0)>
All Systems | Without Client. Collection already exist. Maintenance enabled~~ $$<Add-OperationalCollections><01-15-2019 14:37:27.841><thread=0 (0x0)>
All Systems | With Client (Active). Collection already exist. Maintenance enabled~~ $$<Add-OperationalCollections><01-15-2019 14:37:28.522><thread=0 (0x0)>
All Systems | With Client (Inactive). Collection already exist. Maintenance enabled~~ $$<Add-OperationalCollections><01-15-2019 14:37:29.180><thread=0 (0x0)>
OS | Windows Workstation. Collection already exist. Maintenance enabled~~ $$<Add-OperationalCollections><01-15-2019 14:37:29.811><thread=0 (0x0)>
INFO: Configuration Manager Module already loaded~~ $$<Add-OperationalCollections><01-15-2019 14:52:36.159><thread=0 (0x0)>
All Systems | With Client. Collection already exist. Maintenance enabled~~ $$<Add-OperationalCollections><01-15-2019 14:52:36.589><thread=0 (0x0)>
All Systems | Without Client. Collection already exist. Maintenance enabled~~ $$<Add-OperationalCollections><01-15-2019 14:52:37.240><thread=0 (0x0)>
All Systems | With Client (Active). Collection already exist. Maintenance enabled~~ $$<Add-OperationalCollections><01-15-2019 14:52:37.892><thread=0 (0x0)>
All Systems | With Client (Inactive). Collection already exist. Maintenance enabled~~ $$<Add-OperationalCollections><01-15-2019 14:52:38.587><thread=0 (0x0)>
INFO: Configuration Manager Module already loaded~~ $$<Add-OperationalCollections><01-15-2019 14:53:00.562><thread=0 (0x0)>
All Systems | With Client. Collection already exist. Maintenance enabled~~ $$<Add-OperationalCollections><01-15-2019 14:53:00.911><thread=0 (0x0)>
All Systems | Without Client. Collection already exist. Maintenance enabled~~ $$<Add-OperationalCollections><01-15-2019 14:53:01.561><thread=0 (0x0)>
All Systems | With Client (Active). Collection already exist. Maintenance enabled~~ $$<Add-OperationalCollections><01-15-2019 14:53:02.189><thread=0 (0x0)>
All Systems | With Client (Inactive). Collection already exist. Maintenance enabled~~ $$<Add-OperationalCollections><01-15-2019 14:53:02.814><thread=0 (0x0)>
OS | Windows Workstation. Collection already exist. Maintenance enabled~~ $$<Add-OperationalCollections><01-15-2019 14:53:03.437><thread=0 (0x0)>
INFO: Configuration Manager Module already loaded~~ $$<Add-OperationalCollections><01-15-2019 14:57:13.641><thread=0 (0x0)>
All Systems | With Client. Collection already exist. Maintenance enabled~~ $$<Add-OperationalCollections><01-15-2019 14:57:14.026><thread=0 (0x0)>
All Systems | Without Client. Collection already exist. Maintenance enabled~~ $$<Add-OperationalCollections><01-15-2019 14:57:14.990><thread=0 (0x0)>
INFO: Configuration Manager Module already loaded~~ $$<Add-OperationalCollections><01-15-2019 14:58:46.623><thread=0 (0x0)>
All Systems | With Client. Collection already exist. Maintenance enabled~~ $$<Add-OperationalCollections><01-15-2019 14:58:47.031><thread=0 (0x0)>
All Systems | Without Client. Collection already exist. Maintenance enabled~~ $$<Add-OperationalCollections><01-15-2019 14:58:48.016><thread=0 (0x0)>
All Systems | With Client (Active). Collection already exist. Maintenance enabled~~ $$<Add-OperationalCollections><01-15-2019 14:58:49.003><thread=0 (0x0)>
INFO: Configuration Manager Module already loaded~~ $$<Add-OperationalCollections><01-15-2019 15:20:06.914><thread=0 (0x0)>
All Systems | With Client. Collection already exist. Maintenance enabled~~ $$<Add-OperationalCollections><01-15-2019 15:20:07.323><thread=0 (0x0)>
All Systems | Without Client. Collection already exist. Maintenance enabled~~ $$<Add-OperationalCollections><01-15-2019 15:20:08.386><thread=0 (0x0)>
INFO: Configuration Manager Module already loaded~~ $$<Add-OperationalCollections><01-15-2019 15:28:22.202><thread=0 (0x0)>
All Systems | With Client. Collection already exist. Maintenance enabled~~ $$<Add-OperationalCollections><01-15-2019 15:28:22.586><thread=0 (0x0)>
All Systems | Without Client. Collection already exist. Maintenance enabled~~ $$<Add-OperationalCollections><01-15-2019 15:28:23.582><thread=0 (0x0)>
INFO: Configuration Manager Module already loaded~~ $$<Add-OperationalCollections><01-15-2019 15:29:01.899><thread=0 (0x0)>
All Systems | With Client. Collection already exist. Maintenance enabled~~ $$<Add-OperationalCollections><01-15-2019 15:29:02.239><thread=0 (0x0)>
All Systems | Without Client. Collection already exist. Maintenance enabled~~ $$<Add-OperationalCollections><01-15-2019 15:29:03.202><thread=0 (0x0)>
All Systems | With Client (Active). Collection already exist. Maintenance enabled~~ $$<Add-OperationalCollections><01-15-2019 15:29:04.268><thread=0 (0x0)>
All Systems | With Client (Inactive). Collection already exist. Maintenance enabled~~ $$<Add-OperationalCollections><01-15-2019 15:29:05.207><thread=0 (0x0)>
INFO: Configuration Manager Module already loaded~~ $$<Add-OperationalCollections><01-15-2019 15:33:18.108><thread=0 (0x0)>
All Systems | With Client. Collection already exist. Maintenance enabled~~ $$<Add-OperationalCollections><01-15-2019 15:33:18.478><thread=0 (0x0)>
All Systems | Without Client. Collection already exist. Maintenance enabled~~ $$<Add-OperationalCollections><01-15-2019 15:33:19.470><thread=0 (0x0)>
All Systems | With Client (Active). Collection already exist. Maintenance enabled~~ $$<Add-OperationalCollections><01-15-2019 15:33:20.424><thread=0 (0x0)>
INFO: Configuration Manager Module already loaded~~ $$<Add-OperationalCollections><01-15-2019 15:44:08.446><thread=0 (0x0)>
All Systems | With Client. Collection already exist. Maintenance enabled~~ $$<Add-OperationalCollections><01-15-2019 15:44:08.887><thread=0 (0x0)>
All Systems | Without Client. Collection already exist. Maintenance enabled~~ $$<Add-OperationalCollections><01-15-2019 15:44:09.843><thread=0 (0x0)>
All Systems | With Client (Active). Collection already exist. Maintenance enabled~~ $$<Add-OperationalCollections><01-15-2019 15:44:10.822><thread=0 (0x0)>
All Systems | With Client (Inactive). Collection already exist. Maintenance enabled~~ $$<Add-OperationalCollections><01-15-2019 15:44:11.776><thread=0 (0x0)>
INFO: Configuration Manager Module already loaded~~ $$<Add-OperationalCollections><01-15-2019 15:45:12.088><thread=0 (0x0)>
All Systems | With Client. Collection already exist. Maintenance enabled~~ $$<Add-OperationalCollections><01-15-2019 15:45:12.443><thread=0 (0x0)>
All Systems | Without Client. Collection already exist. Maintenance enabled~~ $$<Add-OperationalCollections><01-15-2019 15:45:13.395><thread=0 (0x0)>
All Systems | With Client (Active). Collection already exist. Maintenance enabled~~ $$<Add-OperationalCollections><01-15-2019 15:45:14.351><thread=0 (0x0)>
All Systems | With Client (Inactive). Collection already exist. Maintenance enabled~~ $$<Add-OperationalCollections><01-15-2019 15:45:15.286><thread=0 (0x0)>
OS | Windows Workstation. Collection already exist. Maintenance enabled~~ $$<Add-OperationalCollections><01-15-2019 15:45:16.279><thread=0 (0x0)>
INFO: Configuration Manager Module already loaded~~ $$<Add-OperationalCollections><01-15-2019 15:58:32.146><thread=0 (0x0)>
All Systems | With Client. Collection already exist. Maintenance enabled~~ $$<Add-OperationalCollections><01-15-2019 15:58:32.537><thread=0 (0x0)>
All Systems | Without Client. Collection already exist. Maintenance enabled~~ $$<Add-OperationalCollections><01-15-2019 15:58:33.476><thread=0 (0x0)>
All Systems | With Client (Active). Collection already exist. Maintenance enabled~~ $$<Add-OperationalCollections><01-15-2019 15:58:34.433><thread=0 (0x0)>
All Systems | With Client (Inactive). Collection already exist. Maintenance enabled~~ $$<Add-OperationalCollections><01-15-2019 15:58:35.370><thread=0 (0x0)>
OS | Windows Workstation. Collection already exist. Maintenance enabled~~ $$<Add-OperationalCollections><01-15-2019 15:58:36.310><thread=0 (0x0)>
INFO: Configuration Manager Module already loaded~~ $$<Add-OperationalCollections><01-15-2019 15:59:54.979><thread=0 (0x0)>
All Systems | With Client. Collection already exist. Maintenance enabled~~ $$<Add-OperationalCollections><01-15-2019 15:59:55.314><thread=0 (0x0)>
All Systems | Without Client. Collection already exist. Maintenance enabled~~ $$<Add-OperationalCollections><01-15-2019 15:59:56.292><thread=0 (0x0)>
All Systems | With Client (Active). Collection already exist. Maintenance enabled~~ $$<Add-OperationalCollections><01-15-2019 15:59:57.244><thread=0 (0x0)>
All Systems | With Client (Inactive). Collection already exist. Maintenance enabled~~ $$<Add-OperationalCollections><01-15-2019 15:59:58.181><thread=0 (0x0)>
INFO: Configuration Manager Module already loaded~~ $$<Add-OperationalCollections><01-15-2019 16:02:14.601><thread=0 (0x0)>
All Systems | With Client. Collection already exist. Maintenance enabled~~ $$<Add-OperationalCollections><01-15-2019 16:02:14.998><thread=0 (0x0)>
All Systems | Without Client. Collection already exist. Maintenance enabled~~ $$<Add-OperationalCollections><01-15-2019 16:02:16.003><thread=0 (0x0)>
All Systems | With Client (Active). Collection already exist. Maintenance enabled~~ $$<Add-OperationalCollections><01-15-2019 16:02:16.964><thread=0 (0x0)>
INFO: Configuration Manager Module already loaded~~ $$<Add-OperationalCollections><01-15-2019 16:02:38.146><thread=0 (0x0)>
All Systems | With Client. Collection already exist. Maintenance enabled~~ $$<Add-OperationalCollections><01-15-2019 16:02:38.506><thread=0 (0x0)>
All Systems | Without Client. Collection already exist. Maintenance enabled~~ $$<Add-OperationalCollections><01-15-2019 16:02:39.546><thread=0 (0x0)>
All Systems | With Client (Active). Collection already exist. Maintenance enabled~~ $$<Add-OperationalCollections><01-15-2019 16:02:40.994><thread=0 (0x0)>
INFO: Configuration Manager Module already loaded~~ $$<Add-OperationalCollections><01-15-2019 16:02:57.638><thread=0 (0x0)>
All Systems | With Client. Collection already exist. Maintenance enabled~~ $$<Add-OperationalCollections><01-15-2019 16:02:57.993><thread=0 (0x0)>
All Systems | Without Client. Collection already exist. Maintenance enabled~~ $$<Add-OperationalCollections><01-15-2019 16:02:58.952><thread=0 (0x0)>
All Systems | With Client (Active). Collection already exist. Maintenance enabled~~ $$<Add-OperationalCollections><01-15-2019 16:03:00.010><thread=0 (0x0)>
INFO: Configuration Manager Module already loaded~~ $$<Add-OperationalCollections><01-15-2019 16:03:19.042><thread=0 (0x0)>
All Systems | With Client. Collection already exist. Maintenance enabled~~ $$<Add-OperationalCollections><01-15-2019 16:03:19.375><thread=0 (0x0)>
All Systems | Without Client. Collection already exist. Maintenance enabled~~ $$<Add-OperationalCollections><01-15-2019 16:03:20.369><thread=0 (0x0)>
INFO: Configuration Manager Module already loaded~~ $$<Add-OperationalCollections><01-15-2019 16:23:42.471><thread=0 (0x0)>
All Systems | With Client. Collection already exist. Maintenance enabled~~ $$<Add-OperationalCollections><01-15-2019 16:23:42.913><thread=0 (0x0)>
All Systems | Without Client. Collection already exist. Maintenance enabled~~ $$<Add-OperationalCollections><01-15-2019 16:23:43.931><thread=0 (0x0)>
All Systems | With Client (Active). Collection already exist. Maintenance enabled~~ $$<Add-OperationalCollections><01-15-2019 16:23:44.911><thread=0 (0x0)>
INFO: Configuration Manager Module already loaded~~ $$<Add-OperationalCollections><01-15-2019 16:24:46.680><thread=0 (0x0)>
All Systems | With Client. Collection already exist. Maintenance enabled~~ $$<Add-OperationalCollections><01-15-2019 16:24:47.010><thread=0 (0x0)>
All Systems | Without Client. Collection already exist. Maintenance enabled~~ $$<Add-OperationalCollections><01-15-2019 16:24:47.975><thread=0 (0x0)>
All Systems | With Client (Active). Collection already exist. Maintenance enabled~~ $$<Add-OperationalCollections><01-15-2019 16:24:48.921><thread=0 (0x0)>
INFO: Configuration Manager Module already loaded~~ $$<Add-OperationalCollections><01-15-2019 16:25:41.331><thread=0 (0x0)>
All Systems | With Client. Collection already exist. Maintenance enabled~~ $$<Add-OperationalCollections><01-15-2019 16:25:41.660><thread=0 (0x0)>
All Systems | Without Client. Collection already exist. Maintenance enabled~~ $$<Add-OperationalCollections><01-15-2019 16:25:42.640><thread=0 (0x0)>
All Systems | With Client (Active). Collection already exist. Maintenance enabled~~ $$<Add-OperationalCollections><01-15-2019 16:25:43.579><thread=0 (0x0)>
INFO: Configuration Manager Module already loaded~~ $$<Add-OperationalCollections><01-15-2019 16:26:58.087><thread=0 (0x0)>
All Systems | With Client. Collection already exist. Maintenance enabled~~ $$<Add-OperationalCollections><01-15-2019 16:26:58.465><thread=0 (0x0)>
All Systems | Without Client. Collection already exist. Maintenance enabled~~ $$<Add-OperationalCollections><01-15-2019 16:26:59.452><thread=0 (0x0)>
All Systems | With Client (Active). Collection already exist. Maintenance enabled~~ $$<Add-OperationalCollections><01-15-2019 16:27:00.404><thread=0 (0x0)>
INFO: Configuration Manager Module already loaded~~ $$<Add-OperationalCollections><01-15-2019 16:29:58.455><thread=0 (0x0)>
All Systems | With Client. Collection already exist. Maintenance enabled~~ $$<Add-OperationalCollections><01-15-2019 16:29:58.844><thread=0 (0x0)>
All Systems | Without Client. Collection already exist. Maintenance enabled~~ $$<Add-OperationalCollections><01-15-2019 16:29:59.856><thread=0 (0x0)>
All Systems | With Client (Active). Collection already exist. Maintenance enabled~~ $$<Add-OperationalCollections><01-15-2019 16:30:01.041><thread=0 (0x0)>
INFO: Configuration Manager Module already loaded~~ $$<Add-OperationalCollections><01-15-2019 16:30:57.504><thread=0 (0x0)>
All Systems | With Client. Collection already exist. Maintenance enabled~~ $$<Add-OperationalCollections><01-15-2019 16:30:57.836><thread=0 (0x0)>
All Systems | Without Client. Collection already exist. Maintenance enabled~~ $$<Add-OperationalCollections><01-15-2019 16:30:58.809><thread=0 (0x0)>
All Systems | With Client (Active). Collection already exist. Maintenance enabled~~ $$<Add-OperationalCollections><01-15-2019 16:30:59.776><thread=0 (0x0)>
INFO: Configuration Manager Module already loaded~~ $$<Add-OperationalCollections><01-15-2019 16:31:41.741><thread=0 (0x0)>
All Systems | With Client. Collection already exist. Maintenance enabled~~ $$<Add-OperationalCollections><01-15-2019 16:31:42.091><thread=0 (0x0)>
All Systems | Without Client. Collection already exist. Maintenance enabled~~ $$<Add-OperationalCollections><01-15-2019 16:31:43.041><thread=0 (0x0)>
All Systems | With Client (Active). Collection already exist. Maintenance enabled~~ $$<Add-OperationalCollections><01-15-2019 16:31:43.993><thread=0 (0x0)>
All Systems | With Client (Inactive). Collection already exist. Maintenance enabled~~ $$<Add-OperationalCollections><01-15-2019 16:31:44.927><thread=0 (0x0)>
INFO: Configuration Manager Module already loaded~~ $$<Add-OperationalCollections><01-15-2019 16:33:08.909><thread=0 (0x0)>
All Systems | With Client. Collection already exist. Maintenance enabled~~ $$<Add-OperationalCollections><01-15-2019 16:33:09.291><thread=0 (0x0)>
All Systems | Without Client. Collection already exist. Maintenance enabled~~ $$<Add-OperationalCollections><01-15-2019 16:33:10.256><thread=0 (0x0)>
INFO: Configuration Manager Module already loaded~~ $$<Add-OperationalCollections><01-15-2019 16:33:53.899><thread=0 (0x0)>
All Systems | With Client. Collection already exist. Maintenance enabled~~ $$<Add-OperationalCollections><01-15-2019 16:33:54.319><thread=0 (0x0)>
All Systems | Without Client. Collection already exist. Maintenance enabled~~ $$<Add-OperationalCollections><01-15-2019 16:33:55.516><thread=0 (0x0)>
All Systems | With Client (Active). Collection already exist. Maintenance enabled~~ $$<Add-OperationalCollections><01-15-2019 16:33:56.692><thread=0 (0x0)>
INFO: Configuration Manager Module already loaded~~ $$<Add-OperationalCollections><01-15-2019 16:35:59.420><thread=0 (0x0)>
All Systems | With Client. Collection already exist. Maintenance enabled~~ $$<Add-OperationalCollections><01-15-2019 16:35:59.795><thread=0 (0x0)>
All Systems | Without Client. Collection already exist. Maintenance enabled~~ $$<Add-OperationalCollections><01-15-2019 16:36:00.769><thread=0 (0x0)>
All Systems | With Client (Active). Collection already exist. Maintenance enabled~~ $$<Add-OperationalCollections><01-15-2019 16:36:01.709><thread=0 (0x0)>
All Systems | With Client (Inactive). Collection already exist. Maintenance enabled~~ $$<Add-OperationalCollections><01-15-2019 16:36:02.647><thread=0 (0x0)>
OS | Windows Workstation. Collection already exist. Maintenance enabled~~ $$<Add-OperationalCollections><01-15-2019 16:36:03.598><thread=0 (0x0)>
INFO: Configuration Manager Module already loaded~~ $$<Add-OperationalCollections><01-15-2019 16:44:10.648><thread=0 (0x0)>
All Systems | With Client. Collection already exist. Maintenance enabled~~ $$<Add-OperationalCollections><01-15-2019 16:44:11.092><thread=0 (0x0)>
All Systems | Without Client. Collection already exist. Maintenance enabled~~ $$<Add-OperationalCollections><01-15-2019 16:44:12.078><thread=0 (0x0)>
INFO: Configuration Manager Module already loaded~~ $$<Add-OperationalCollections><01-15-2019 16:48:16.280><thread=0 (0x0)>
All Systems | With Client. Collection already exist. Maintenance enabled~~ $$<Add-OperationalCollections><01-15-2019 16:48:16.665><thread=0 (0x0)>
INFO: Configuration Manager Module already loaded~~ $$<Add-OperationalCollections><01-15-2019 16:48:34.205><thread=0 (0x0)>
All Systems | With Client. Collection already exist. Maintenance enabled~~ $$<Add-OperationalCollections><01-15-2019 16:48:34.535><thread=0 (0x0)>
Added collection membership query to collection All Systems | With Client~~ $$<Add-OperationalCollections><01-15-2019 16:48:36.730><thread=0 (0x0)>
All Systems | Without Client. Collection already exist. Maintenance enabled~~ $$<Add-OperationalCollections><01-15-2019 16:48:37.040><thread=0 (0x0)>
All Systems | With Client (Active). Collection already exist. Maintenance enabled~~ $$<Add-OperationalCollections><01-15-2019 16:48:38.000><thread=0 (0x0)>
Added collection membership query to collection All Systems | With Client (Active)~~ $$<Add-OperationalCollections><01-15-2019 16:48:39.698><thread=0 (0x0)>
All Systems | With Client (Inactive). Collection already exist. Maintenance enabled~~ $$<Add-OperationalCollections><01-15-2019 16:48:40.078><thread=0 (0x0)>
INFO: Configuration Manager Module not loaded. Loading~~ $$<Add-OperationalCollections><01-16-2019 11:26:31.759><thread=0 (0x0)>
INFO: Configuration Manager Module loaded~~ $$<Add-OperationalCollections><01-16-2019 11:26:35.998><thread=0 (0x0)>
All Systems | With Client. Collection already exist. Skipping, maintenance not enabled~~ $$<Add-OperationalCollections><01-16-2019 11:26:36.472><thread=0 (0x0)>
All Systems | Without Client. Collection already exist. Skipping, maintenance not enabled~~ $$<Add-OperationalCollections><01-16-2019 11:26:36.881><thread=0 (0x0)>
All Systems | With Client (Active). Collection already exist. Skipping, maintenance not enabled~~ $$<Add-OperationalCollections><01-16-2019 11:26:37.259><thread=0 (0x0)>
All Systems | With Client (Inactive). Collection already exist. Skipping, maintenance not enabled~~ $$<Add-OperationalCollections><01-16-2019 11:26:37.627><thread=0 (0x0)>
OS | Windows Workstation. Collection already exist. Skipping, maintenance not enabled~~ $$<Add-OperationalCollections><01-16-2019 11:26:38.143><thread=0 (0x0)>
OS | Windows Server. Collection already exist. Skipping, maintenance not enabled~~ $$<Add-OperationalCollections><01-16-2019 11:26:38.511><thread=0 (0x0)>
INFO: Configuration Manager Module already loaded~~ $$<Add-OperationalCollections><01-16-2019 11:26:45.716><thread=0 (0x0)>
All Systems | With Client. Collection already exist. Maintenance enabled~~ $$<Add-OperationalCollections><01-16-2019 11:26:46.033><thread=0 (0x0)>
All Systems | Without Client. Collection already exist. Maintenance enabled~~ $$<Add-OperationalCollections><01-16-2019 11:26:47.153><thread=0 (0x0)>
All Systems | With Client (Active). Collection already exist. Maintenance enabled~~ $$<Add-OperationalCollections><01-16-2019 11:26:48.230><thread=0 (0x0)>
INFO: Configuration Manager Module already loaded~~ $$<Add-OperationalCollections><01-16-2019 11:27:11.200><thread=0 (0x0)>
All Systems | With Client. Collection already exist. Maintenance enabled~~ $$<Add-OperationalCollections><01-16-2019 11:27:11.525><thread=0 (0x0)>
All Systems | Without Client. Collection already exist. Maintenance enabled~~ $$<Add-OperationalCollections><01-16-2019 11:27:12.463><thread=0 (0x0)>
All Systems | With Client (Active). Collection already exist. Maintenance enabled~~ $$<Add-OperationalCollections><01-16-2019 11:27:13.423><thread=0 (0x0)>
INFO: Configuration Manager Module already loaded~~ $$<Add-OperationalCollections><01-16-2019 11:30:37.135><thread=0 (0x0)>
All Systems | With Client. Collection already exist. Maintenance enabled~~ $$<Add-OperationalCollections><01-16-2019 11:30:37.507><thread=0 (0x0)>
All Systems | Without Client. Collection already exist. Maintenance enabled~~ $$<Add-OperationalCollections><01-16-2019 11:30:38.460><thread=0 (0x0)>
All Systems | With Client (Active). Collection already exist. Maintenance enabled~~ $$<Add-OperationalCollections><01-16-2019 11:30:39.432><thread=0 (0x0)>
INFO: Configuration Manager Module already loaded~~ $$<Add-OperationalCollections><01-16-2019 11:33:26.323><thread=0 (0x0)>
All Systems | With Client. Collection already exist. Maintenance enabled~~ $$<Add-OperationalCollections><01-16-2019 11:33:26.651><thread=0 (0x0)>
All Systems | Without Client. Collection already exist. Maintenance enabled~~ $$<Add-OperationalCollections><01-16-2019 11:33:27.604><thread=0 (0x0)>
All Systems | With Client (Active). Collection already exist. Maintenance enabled~~ $$<Add-OperationalCollections><01-16-2019 11:33:28.538><thread=0 (0x0)>
INFO: Configuration Manager Module already loaded~~ $$<Add-OperationalCollections><01-16-2019 11:34:07.420><thread=0 (0x0)>
All Systems | With Client. Collection already exist. Maintenance enabled~~ $$<Add-OperationalCollections><01-16-2019 11:34:07.762><thread=0 (0x0)>
All Systems | Without Client. Collection already exist. Maintenance enabled~~ $$<Add-OperationalCollections><01-16-2019 11:34:08.729><thread=0 (0x0)>
INFO: Configuration Manager Module already loaded~~ $$<Add-OperationalCollections><01-16-2019 11:34:42.358><thread=0 (0x0)>
All Systems | With Client. Collection already exist. Maintenance enabled~~ $$<Add-OperationalCollections><01-16-2019 11:34:42.691><thread=0 (0x0)>
All Systems | Without Client. Collection already exist. Maintenance enabled~~ $$<Add-OperationalCollections><01-16-2019 11:34:43.643><thread=0 (0x0)>
All Systems | With Client (Active). Collection already exist. Maintenance enabled~~ $$<Add-OperationalCollections><01-16-2019 11:34:44.613><thread=0 (0x0)>
INFO: Configuration Manager Module already loaded~~ $$<Add-OperationalCollections><01-16-2019 11:34:55.402><thread=0 (0x0)>
All Systems | With Client. Collection already exist. Maintenance enabled~~ $$<Add-OperationalCollections><01-16-2019 11:34:55.728><thread=0 (0x0)>
All Systems | Without Client. Collection already exist. Maintenance enabled~~ $$<Add-OperationalCollections><01-16-2019 11:34:56.667><thread=0 (0x0)>
All Systems | With Client (Active). Collection already exist. Maintenance enabled~~ $$<Add-OperationalCollections><01-16-2019 11:34:57.608><thread=0 (0x0)>
All Systems | With Client (Inactive). Collection already exist. Maintenance enabled~~ $$<Add-OperationalCollections><01-16-2019 11:34:58.578><thread=0 (0x0)>
OS | Windows Workstation. Collection already exist. Maintenance enabled~~ $$<Add-OperationalCollections><01-16-2019 11:34:59.644><thread=0 (0x0)>
OS | Windows Workstation. Corrected collection comment~~ $$<Add-OperationalCollections><01-16-2019 11:35:00.236><thread=0 (0x0)>
OS | Windows Server. Collection already exist. Maintenance enabled~~ $$<Add-OperationalCollections><01-16-2019 11:35:01.034><thread=0 (0x0)>
OS | Windows Server. Corrected collection comment~~ $$<Add-OperationalCollections><01-16-2019 11:35:01.609><thread=0 (0x0)>
INFO: Configuration Manager Module already loaded~~ $$<Add-OperationalCollections><01-16-2019 11:36:09.790><thread=0 (0x0)>
All Systems | With Client. Collection already exist. Maintenance enabled~~ $$<Add-OperationalCollections><01-16-2019 11:36:10.131><thread=0 (0x0)>
All Systems | Without Client. Collection already exist. Maintenance enabled~~ $$<Add-OperationalCollections><01-16-2019 11:36:11.130><thread=0 (0x0)>
INFO: Configuration Manager Module already loaded~~ $$<Add-OperationalCollections><01-16-2019 11:37:25.049><thread=0 (0x0)>
All Systems | With Client. Collection already exist. Skipping, maintenance not enabled~~ $$<Add-OperationalCollections><01-16-2019 11:37:25.433><thread=0 (0x0)>
All Systems | Without Client. Collection already exist. Skipping, maintenance not enabled~~ $$<Add-OperationalCollections><01-16-2019 11:37:25.746><thread=0 (0x0)>
All Systems | With Client (Active). Collection already exist. Skipping, maintenance not enabled~~ $$<Add-OperationalCollections><01-16-2019 11:37:26.054><thread=0 (0x0)>
All Systems | With Client (Inactive). Collection already exist. Skipping, maintenance not enabled~~ $$<Add-OperationalCollections><01-16-2019 11:37:26.368><thread=0 (0x0)>
OS | Windows Workstation. Collection already exist. Skipping, maintenance not enabled~~ $$<Add-OperationalCollections><01-16-2019 11:37:26.681><thread=0 (0x0)>
OS | Windows Server. Collection already exist. Skipping, maintenance not enabled~~ $$<Add-OperationalCollections><01-16-2019 11:37:26.997><thread=0 (0x0)>
OS | Other. Collection already exist. Skipping, maintenance not enabled~~ $$<Add-OperationalCollections><01-16-2019 11:37:27.348><thread=0 (0x0)>
OS | Windows Workstation | Windows 7. Collection already exist. Skipping, maintenance not enabled~~ $$<Add-OperationalCollections><01-16-2019 11:37:27.712><thread=0 (0x0)>
OS | Windows Workstation | Windows 8. Collection already exist. Skipping, maintenance not enabled~~ $$<Add-OperationalCollections><01-16-2019 11:37:28.180><thread=0 (0x0)>
OS | Windows Workstation | Windows 8.1. Collection already exist. Skipping, maintenance not enabled~~ $$<Add-OperationalCollections><01-16-2019 11:37:28.555><thread=0 (0x0)>
OS | Windows Workstation | Windows 10. Collection already exist. Skipping, maintenance not enabled~~ $$<Add-OperationalCollections><01-16-2019 11:37:28.916><thread=0 (0x0)>
OS | Windows Workstation | Windows 10 | 1507 (build 10240). Collection already exist. Skipping, maintenance not enabled~~ $$<Add-OperationalCollections><01-16-2019 11:37:29.276><thread=0 (0x0)>
OS | Windows Workstation | Windows 10 | 1511 (build 10586). Collection already exist. Skipping, maintenance not enabled~~ $$<Add-OperationalCollections><01-16-2019 11:37:29.639><thread=0 (0x0)>
OS | Windows Workstation | Windows 10 | 1607 (build 14393). Collection already exist. Skipping, maintenance not enabled~~ $$<Add-OperationalCollections><01-16-2019 11:37:30.013><thread=0 (0x0)>
OS | Windows Workstation | Windows 10 | 1703 (build 15063). Collection already exist. Skipping, maintenance not enabled~~ $$<Add-OperationalCollections><01-16-2019 11:37:30.369><thread=0 (0x0)>
INFO: Configuration Manager Module already loaded~~ $$<Add-OperationalCollections><01-16-2019 11:37:43.540><thread=0 (0x0)>
All Systems | With Client. Collection already exist. Maintenance enabled~~ $$<Add-OperationalCollections><01-16-2019 11:37:43.886><thread=0 (0x0)>
INFO: Configuration Manager Module already loaded~~ $$<Add-OperationalCollections><01-16-2019 11:38:48.504><thread=0 (0x0)>
All Systems | With Client. Collection already exist. Maintenance enabled~~ $$<Add-OperationalCollections><01-16-2019 11:38:48.836><thread=0 (0x0)>
INFO: Configuration Manager Module already loaded~~ $$<Add-OperationalCollections><01-16-2019 11:39:42.024><thread=0 (0x0)>
All Systems | With Client. Collection already exist. Maintenance enabled~~ $$<Add-OperationalCollections><01-16-2019 11:39:42.382><thread=0 (0x0)>
INFO: Configuration Manager Module already loaded~~ $$<Add-OperationalCollections><01-16-2019 11:42:12.038><thread=0 (0x0)>
All Systems | With Client. Collection already exist. Maintenance enabled~~ $$<Add-OperationalCollections><01-16-2019 11:42:12.413><thread=0 (0x0)>
INFO: Configuration Manager Module already loaded~~ $$<Add-OperationalCollections><01-16-2019 11:53:34.172><thread=0 (0x0)>
All Systems | With Client. Collection already exist. Maintenance enabled~~ $$<Add-OperationalCollections><01-16-2019 11:53:34.554><thread=0 (0x0)>
All Systems | Without Client. Collection already exist. Maintenance enabled~~ $$<Add-OperationalCollections><01-16-2019 11:55:20.526><thread=0 (0x0)>
All Systems | With Client (Active). Collection already exist. Maintenance enabled~~ $$<Add-OperationalCollections><01-16-2019 11:55:28.841><thread=0 (0x0)>
All Systems | With Client (Inactive). Collection already exist. Maintenance enabled~~ $$<Add-OperationalCollections><01-16-2019 11:55:29.772><thread=0 (0x0)>
OS | Windows Workstation. Collection already exist. Maintenance enabled~~ $$<Add-OperationalCollections><01-16-2019 11:55:30.715><thread=0 (0x0)>
OS | Windows Workstation. Corrected collection comment~~ $$<Add-OperationalCollections><01-16-2019 11:55:31.264><thread=0 (0x0)>
OS | Windows Server. Collection already exist. Maintenance enabled~~ $$<Add-OperationalCollections><01-16-2019 11:55:31.928><thread=0 (0x0)>
OS | Windows Server. Corrected collection comment~~ $$<Add-OperationalCollections><01-16-2019 11:55:32.475><thread=0 (0x0)>
OS | Other. Collection already exist. Maintenance enabled~~ $$<Add-OperationalCollections><01-16-2019 11:55:33.103><thread=0 (0x0)>
OS | Other. Corrected collection comment~~ $$<Add-OperationalCollections><01-16-2019 11:55:33.696><thread=0 (0x0)>
OS | Windows Workstation | Windows 7. Collection already exist. Maintenance enabled~~ $$<Add-OperationalCollections><01-16-2019 11:55:34.327><thread=0 (0x0)>
OS | Windows Workstation | Windows 7. Corrected collection comment~~ $$<Add-OperationalCollections><01-16-2019 11:55:34.884><thread=0 (0x0)>
INFO: Configuration Manager Module already loaded~~ $$<Add-OperationalCollections><01-16-2019 11:55:59.565><thread=0 (0x0)>
All Systems | With Client. Collection already exist. Maintenance enabled~~ $$<Add-OperationalCollections><01-16-2019 11:55:59.901><thread=0 (0x0)>
All Systems | Without Client. Collection already exist. Maintenance enabled~~ $$<Add-OperationalCollections><01-16-2019 11:56:00.870><thread=0 (0x0)>
All Systems | With Client (Active). Collection already exist. Maintenance enabled~~ $$<Add-OperationalCollections><01-16-2019 11:56:01.802><thread=0 (0x0)>
All Systems | With Client (Inactive). Collection already exist. Maintenance enabled~~ $$<Add-OperationalCollections><01-16-2019 11:56:02.743><thread=0 (0x0)>
OS | Windows Workstation. Collection already exist. Maintenance enabled~~ $$<Add-OperationalCollections><01-16-2019 11:56:03.698><thread=0 (0x0)>
OS | Windows Workstation. Corrected collection comment~~ $$<Add-OperationalCollections><01-16-2019 11:56:04.243><thread=0 (0x0)>
OS | Windows Server. Collection already exist. Maintenance enabled~~ $$<Add-OperationalCollections><01-16-2019 11:56:04.869><thread=0 (0x0)>
OS | Windows Server. Corrected collection comment~~ $$<Add-OperationalCollections><01-16-2019 11:56:05.428><thread=0 (0x0)>
INFO: Configuration Manager Module already loaded~~ $$<Add-OperationalCollections><01-16-2019 11:57:01.953><thread=0 (0x0)>
All Systems | With Client. Collection already exist. Maintenance enabled~~ $$<Add-OperationalCollections><01-16-2019 11:57:02.297><thread=0 (0x0)>
All Systems | Without Client. Collection already exist. Maintenance enabled~~ $$<Add-OperationalCollections><01-16-2019 11:57:03.260><thread=0 (0x0)>
All Systems | With Client (Active). Collection already exist. Maintenance enabled~~ $$<Add-OperationalCollections><01-16-2019 11:57:04.228><thread=0 (0x0)>
All Systems | With Client (Inactive). Collection already exist. Maintenance enabled~~ $$<Add-OperationalCollections><01-16-2019 11:57:05.183><thread=0 (0x0)>
INFO: Configuration Manager Module already loaded~~ $$<Add-OperationalCollections><01-16-2019 11:57:24.561><thread=0 (0x0)>
All Systems | With Client. Collection already exist. Maintenance enabled~~ $$<Add-OperationalCollections><01-16-2019 11:57:24.901><thread=0 (0x0)>
All Systems | Without Client. Collection already exist. Maintenance enabled~~ $$<Add-OperationalCollections><01-16-2019 11:57:25.853><thread=0 (0x0)>
All Systems | With Client (Active). Collection already exist. Maintenance enabled~~ $$<Add-OperationalCollections><01-16-2019 11:57:26.808><thread=0 (0x0)>
All Systems | With Client (Inactive). Collection already exist. Maintenance enabled~~ $$<Add-OperationalCollections><01-16-2019 11:57:27.777><thread=0 (0x0)>
INFO: Configuration Manager Module already loaded~~ $$<Add-OperationalCollections><01-16-2019 11:59:54.804><thread=0 (0x0)>
All Systems | With Client. Collection already exist. Maintenance enabled~~ $$<Add-OperationalCollections><01-16-2019 11:59:55.184><thread=0 (0x0)>
All Systems | Without Client. Collection already exist. Maintenance enabled~~ $$<Add-OperationalCollections><01-16-2019 11:59:56.173><thread=0 (0x0)>
All Systems | With Client (Active). Collection already exist. Maintenance enabled~~ $$<Add-OperationalCollections><01-16-2019 11:59:57.127><thread=0 (0x0)>
INFO: Configuration Manager Module already loaded~~ $$<Add-OperationalCollections><01-16-2019 12:00:23.206><thread=0 (0x0)>
All Systems | With Client. Collection already exist. Maintenance enabled~~ $$<Add-OperationalCollections><01-16-2019 12:00:23.543><thread=0 (0x0)>
All Systems | Without Client. Collection already exist. Maintenance enabled~~ $$<Add-OperationalCollections><01-16-2019 12:00:24.510><thread=0 (0x0)>
All Systems | With Client (Active). Collection already exist. Maintenance enabled~~ $$<Add-OperationalCollections><01-16-2019 12:00:25.481><thread=0 (0x0)>
All Systems | With Client (Inactive). Collection already exist. Maintenance enabled~~ $$<Add-OperationalCollections><01-16-2019 12:00:26.435><thread=0 (0x0)>
INFO: Configuration Manager Module already loaded~~ $$<Add-OperationalCollections><01-16-2019 12:03:41.709><thread=0 (0x0)>
All Systems | With Client. Collection already exist. Maintenance enabled~~ $$<Add-OperationalCollections><01-16-2019 12:03:42.086><thread=0 (0x0)>
All Systems | Without Client. Collection already exist. Maintenance enabled~~ $$<Add-OperationalCollections><01-16-2019 12:03:43.039><thread=0 (0x0)>
All Systems | With Client (Active). Collection already exist. Maintenance enabled~~ $$<Add-OperationalCollections><01-16-2019 12:03:43.999><thread=0 (0x0)>
All Systems | With Client (Inactive). Collection already exist. Maintenance enabled~~ $$<Add-OperationalCollections><01-16-2019 12:03:44.955><thread=0 (0x0)>
INFO: Configuration Manager Module already loaded~~ $$<Add-OperationalCollections><01-16-2019 12:07:16.145><thread=0 (0x0)>
All Systems | With Client. Collection already exist. Maintenance enabled~~ $$<Add-OperationalCollections><01-16-2019 12:07:16.547><thread=0 (0x0)>
All Systems | Without Client. Collection already exist. Maintenance enabled~~ $$<Add-OperationalCollections><01-16-2019 12:07:17.646><thread=0 (0x0)>
INFO: Configuration Manager Module already loaded~~ $$<Add-OperationalCollections><01-16-2019 12:07:49.672><thread=0 (0x0)>
All Systems | With Client. Collection already exist. Maintenance enabled~~ $$<Add-OperationalCollections><01-16-2019 12:07:50.010><thread=0 (0x0)>
All Systems | Without Client. Collection already exist. Maintenance enabled~~ $$<Add-OperationalCollections><01-16-2019 12:07:51.037><thread=0 (0x0)>
All Systems | With Client (Active). Collection already exist. Maintenance enabled~~ $$<Add-OperationalCollections><01-16-2019 12:07:51.991><thread=0 (0x0)>
INFO: Configuration Manager Module already loaded~~ $$<Add-OperationalCollections><01-16-2019 12:08:51.045><thread=0 (0x0)>
All Systems | With Client. Collection already exist. Maintenance enabled~~ $$<Add-OperationalCollections><01-16-2019 12:08:51.390><thread=0 (0x0)>
All Systems | Without Client. Collection already exist. Maintenance enabled~~ $$<Add-OperationalCollections><01-16-2019 12:08:52.386><thread=0 (0x0)>
INFO: Configuration Manager Module already loaded~~ $$<Add-OperationalCollections><01-16-2019 12:10:45.143><thread=0 (0x0)>
All Systems | With Client. Collection already exist. Maintenance enabled~~ $$<Add-OperationalCollections><01-16-2019 12:10:45.527><thread=0 (0x0)>
All Systems | Without Client. Collection already exist. Maintenance enabled~~ $$<Add-OperationalCollections><01-16-2019 12:10:46.537><thread=0 (0x0)>
All Systems | With Client (Active). Collection already exist. Maintenance enabled~~ $$<Add-OperationalCollections><01-16-2019 12:10:47.490><thread=0 (0x0)>
All Systems | With Client (Inactive). Collection already exist. Maintenance enabled~~ $$<Add-OperationalCollections><01-16-2019 12:10:48.476><thread=0 (0x0)>
OS | Windows Workstation. Collection already exist. Maintenance enabled~~ $$<Add-OperationalCollections><01-16-2019 12:10:49.418><thread=0 (0x0)>
OS | Windows Workstation. Corrected collection comment~~ $$<Add-OperationalCollections><01-16-2019 12:10:50.085><thread=0 (0x0)>
OS | Windows Server. Collection already exist. Maintenance enabled~~ $$<Add-OperationalCollections><01-16-2019 12:10:50.796><thread=0 (0x0)>
OS | Windows Server. Corrected collection comment~~ $$<Add-OperationalCollections><01-16-2019 12:10:51.364><thread=0 (0x0)>
INFO: Configuration Manager Module already loaded~~ $$<Add-OperationalCollections><01-16-2019 12:26:41.499><thread=0 (0x0)>
All Systems | With Client. Collection already exist. Maintenance enabled~~ $$<Add-OperationalCollections><01-16-2019 12:26:41.887><thread=0 (0x0)>
All Systems | Without Client. Collection already exist. Maintenance enabled~~ $$<Add-OperationalCollections><01-16-2019 12:26:42.869><thread=0 (0x0)>
All Systems | With Client (Active). Collection already exist. Maintenance enabled~~ $$<Add-OperationalCollections><01-16-2019 12:26:43.841><thread=0 (0x0)>
INFO: Configuration Manager Module already loaded~~ $$<Add-OperationalCollections><01-16-2019 12:27:39.894><thread=0 (0x0)>
All Systems | With Client. Collection already exist. Maintenance enabled~~ $$<Add-OperationalCollections><01-16-2019 12:27:40.225><thread=0 (0x0)>
All Systems | Without Client. Collection already exist. Maintenance enabled~~ $$<Add-OperationalCollections><01-16-2019 12:27:41.211><thread=0 (0x0)>
INFO: Configuration Manager Module already loaded~~ $$<Add-OperationalCollections><01-16-2019 12:29:16.585><thread=0 (0x0)>
All Systems | With Client. Collection already exist. Maintenance enabled~~ $$<Add-OperationalCollections><01-16-2019 12:29:16.967><thread=0 (0x0)>
INFO: Configuration Manager Module already loaded~~ $$<Add-OperationalCollections><01-16-2019 12:29:41.428><thread=0 (0x0)>
All Systems | With Client. Collection already exist. Maintenance enabled~~ $$<Add-OperationalCollections><01-16-2019 12:29:41.771><thread=0 (0x0)>
All Systems | With Client. Removed query membership rule~~ $$<Add-OperationalCollections><01-16-2019 12:29:42.911><thread=0 (0x0)>
All Systems | Without Client. Collection already exist. Maintenance enabled~~ $$<Add-OperationalCollections><01-16-2019 12:29:43.225><thread=0 (0x0)>
All Systems | With Client (Active). Collection already exist. Maintenance enabled~~ $$<Add-OperationalCollections><01-16-2019 12:29:44.166><thread=0 (0x0)>
All Systems | With Client (Inactive). Collection already exist. Maintenance enabled~~ $$<Add-OperationalCollections><01-16-2019 12:29:45.117><thread=0 (0x0)>
OS | Windows Workstation. Collection already exist. Maintenance enabled~~ $$<Add-OperationalCollections><01-16-2019 12:29:46.178><thread=0 (0x0)>
OS | Windows Workstation. Corrected collection comment~~ $$<Add-OperationalCollections><01-16-2019 12:29:46.734><thread=0 (0x0)>
INFO: Configuration Manager Module already loaded~~ $$<Add-OperationalCollections><01-16-2019 12:32:47.904><thread=0 (0x0)>
All Systems | With Client. Collection already exist. Maintenance enabled~~ $$<Add-OperationalCollections><01-16-2019 12:32:48.276><thread=0 (0x0)>
All Systems | With Client. Added query membership rule~~ $$<Add-OperationalCollections><01-16-2019 12:32:49.523><thread=0 (0x0)>
All Systems | Without Client. Collection already exist. Maintenance enabled~~ $$<Add-OperationalCollections><01-16-2019 12:32:49.850><thread=0 (0x0)>
All Systems | With Client (Active). Collection already exist. Maintenance enabled~~ $$<Add-OperationalCollections><01-16-2019 12:32:50.816><thread=0 (0x0)>
All Systems | With Client (Inactive). Collection already exist. Maintenance enabled~~ $$<Add-OperationalCollections><01-16-2019 12:32:51.751><thread=0 (0x0)>
OS | Windows Workstation. Collection already exist. Maintenance enabled~~ $$<Add-OperationalCollections><01-16-2019 12:32:52.687><thread=0 (0x0)>
INFO: Configuration Manager Module not loaded. Loading~~ $$<Add-OperationalCollections><01-16-2019 12:42:50.462><thread=0 (0x0)>
INFO: Configuration Manager Module loaded~~ $$<Add-OperationalCollections><01-16-2019 12:42:53.167><thread=0 (0x0)>
All Systems | With Client. Collection already exist. Skipping, maintenance not enabled~~ $$<Add-OperationalCollections><01-16-2019 12:42:53.613><thread=0 (0x0)>
All Systems | Without Client. Collection already exist. Skipping, maintenance not enabled~~ $$<Add-OperationalCollections><01-16-2019 12:42:53.930><thread=0 (0x0)>
All Systems | With Client (Active). Collection already exist. Skipping, maintenance not enabled~~ $$<Add-OperationalCollections><01-16-2019 12:42:54.240><thread=0 (0x0)>
All Systems | With Client (Inactive). Collection already exist. Skipping, maintenance not enabled~~ $$<Add-OperationalCollections><01-16-2019 12:42:54.558><thread=0 (0x0)>
OS | Windows Workstation. Collection already exist. Skipping, maintenance not enabled~~ $$<Add-OperationalCollections><01-16-2019 12:42:54.877><thread=0 (0x0)>
OS | Windows Server. Collection already exist. Skipping, maintenance not enabled~~ $$<Add-OperationalCollections><01-16-2019 12:42:55.196><thread=0 (0x0)>
INFO: Configuration Manager Module already loaded~~ $$<Add-OperationalCollections><01-16-2019 12:43:07.844><thread=0 (0x0)>
All Systems | With Client. Collection already exist. Maintenance enabled~~ $$<Add-OperationalCollections><01-16-2019 12:43:08.171><thread=0 (0x0)>
All Systems | With Client. Corrected collection comment~~ $$<Add-OperationalCollections><01-16-2019 12:43:08.803><thread=0 (0x0)>
INFO: Configuration Manager Module already loaded~~ $$<Add-OperationalCollections><01-16-2019 12:45:48.802><thread=0 (0x0)>
All Systems | With Client. Collection already exist. Maintenance enabled~~ $$<Add-OperationalCollections><01-16-2019 12:45:49.183><thread=0 (0x0)>
INFO: Configuration Manager Module already loaded~~ $$<Add-OperationalCollections><01-16-2019 12:46:17.828><thread=0 (0x0)>
All Systems | With Client. Collection already exist. Maintenance enabled~~ $$<Add-OperationalCollections><01-16-2019 12:46:18.174><thread=0 (0x0)>
All Systems | Without Client. Collection already exist. Maintenance enabled~~ $$<Add-OperationalCollections><01-16-2019 12:46:19.343><thread=0 (0x0)>
All Systems | With Client (Active). Collection already exist. Maintenance enabled~~ $$<Add-OperationalCollections><01-16-2019 12:46:20.324><thread=0 (0x0)>
All Systems | With Client (Inactive). Collection already exist. Maintenance enabled~~ $$<Add-OperationalCollections><01-16-2019 12:46:21.354><thread=0 (0x0)>
INFO: Configuration Manager Module already loaded~~ $$<Add-OperationalCollections><01-16-2019 12:48:06.656><thread=0 (0x0)>
All Systems | With Client. Collection already exist. Maintenance enabled~~ $$<Add-OperationalCollections><01-16-2019 12:48:07.008><thread=0 (0x0)>
All Systems | Without Client. Collection already exist. Maintenance enabled~~ $$<Add-OperationalCollections><01-16-2019 12:48:08.815><thread=0 (0x0)>
All Systems | With Client (Active). Collection already exist. Maintenance enabled~~ $$<Add-OperationalCollections><01-16-2019 12:48:10.083><thread=0 (0x0)>
All Systems | With Client (Inactive). Collection already exist. Maintenance enabled~~ $$<Add-OperationalCollections><01-16-2019 12:48:11.333><thread=0 (0x0)>
INFO: Configuration Manager Module already loaded~~ $$<Add-OperationalCollections><01-16-2019 14:18:15.039><thread=0 (0x0)>
All Systems | With Client. Collection already exist. Maintenance enabled~~ $$<Add-OperationalCollections><01-16-2019 14:18:15.414><thread=0 (0x0)>
All Systems | With Client. Removed direct membership rules~~ $$<Add-OperationalCollections><01-16-2019 14:18:16.541><thread=0 (0x0)>
All Systems | Without Client. Collection already exist. Maintenance enabled~~ $$<Add-OperationalCollections><01-16-2019 14:18:17.491><thread=0 (0x0)>
All Systems | Without Client. Removed direct membership rules~~ $$<Add-OperationalCollections><01-16-2019 14:18:18.111><thread=0 (0x0)>
All Systems | With Client (Active). Collection already exist. Maintenance enabled~~ $$<Add-OperationalCollections><01-16-2019 14:18:19.070><thread=0 (0x0)>
All Systems | With Client (Active). Removed direct membership rules~~ $$<Add-OperationalCollections><01-16-2019 14:18:19.697><thread=0 (0x0)>
All Systems | With Client (Inactive). Collection already exist. Maintenance enabled~~ $$<Add-OperationalCollections><01-16-2019 14:18:20.655><thread=0 (0x0)>
All Systems | With Client (Inactive). Removed direct membership rules~~ $$<Add-OperationalCollections><01-16-2019 14:18:21.277><thread=0 (0x0)>
INFO: Configuration Manager Module already loaded~~ $$<Add-OperationalCollections><01-16-2019 14:27:49.374><thread=0 (0x0)>
All Systems | With Client. Collection already exist. Maintenance enabled~~ $$<Add-OperationalCollections><01-16-2019 14:27:49.774><thread=0 (0x0)>
All Systems | Without Client. Collection already exist. Maintenance enabled~~ $$<Add-OperationalCollections><01-16-2019 14:27:51.455><thread=0 (0x0)>
All Systems | With Client (Active). Collection already exist. Maintenance enabled~~ $$<Add-OperationalCollections><01-16-2019 14:27:53.091><thread=0 (0x0)>
All Systems | With Client (Inactive). Collection already exist. Maintenance enabled~~ $$<Add-OperationalCollections><01-16-2019 14:27:54.882><thread=0 (0x0)>
OS | Windows Workstation. Collection already exist. Maintenance enabled~~ $$<Add-OperationalCollections><01-16-2019 14:27:56.499><thread=0 (0x0)>
OS | Windows Workstation. Corrected collection comment~~ $$<Add-OperationalCollections><01-16-2019 14:27:57.090><thread=0 (0x0)>
OS | Windows Server. Collection already exist. Maintenance enabled~~ $$<Add-OperationalCollections><01-16-2019 14:27:58.431><thread=0 (0x0)>
OS | Windows Server. Corrected collection comment~~ $$<Add-OperationalCollections><01-16-2019 14:27:58.993><thread=0 (0x0)>
OS | Other. Collection already exist. Maintenance enabled~~ $$<Add-OperationalCollections><01-16-2019 14:28:00.244><thread=0 (0x0)>
OS | Other. Corrected collection comment~~ $$<Add-OperationalCollections><01-16-2019 14:28:00.874><thread=0 (0x0)>
OS | Windows Workstation | Windows 7. Collection already exist. Maintenance enabled~~ $$<Add-OperationalCollections><01-16-2019 14:28:02.204><thread=0 (0x0)>
INFO: Configuration Manager Module already loaded~~ $$<Add-OperationalCollections><01-16-2019 14:29:08.554><thread=0 (0x0)>
All Systems | With Client. Collection already exist. Maintenance enabled~~ $$<Add-OperationalCollections><01-16-2019 14:29:08.912><thread=0 (0x0)>
All Systems | With Client. Removed direct membership rules~~ $$<Add-OperationalCollections><01-16-2019 14:29:11.505><thread=0 (0x0)>
All Systems | Without Client. Collection already exist. Maintenance enabled~~ $$<Add-OperationalCollections><01-16-2019 14:29:12.616><thread=0 (0x0)>
All Systems | With Client (Active). Collection already exist. Maintenance enabled~~ $$<Add-OperationalCollections><01-16-2019 14:29:14.355><thread=0 (0x0)>
All Systems | With Client (Inactive). Collection already exist. Maintenance enabled~~ $$<Add-OperationalCollections><01-16-2019 14:29:16.093><thread=0 (0x0)>
INFO: Configuration Manager Module already loaded~~ $$<Add-OperationalCollections><01-16-2019 14:59:04.269><thread=0 (0x0)>
All Systems | With Client. Collection already exist. Maintenance enabled~~ $$<Add-OperationalCollections><01-16-2019 14:59:04.758><thread=0 (0x0)>
All Systems | Without Client. Collection already exist. Maintenance enabled~~ $$<Add-OperationalCollections><01-16-2019 14:59:06.613><thread=0 (0x0)>
All Systems | With Client (Active). Collection already exist. Maintenance enabled~~ $$<Add-OperationalCollections><01-16-2019 14:59:08.195><thread=0 (0x0)>
All Systems | With Client (Inactive). Collection already exist. Maintenance enabled~~ $$<Add-OperationalCollections><01-16-2019 14:59:09.765><thread=0 (0x0)>
OS | Windows Workstation. Collection already exist. Maintenance enabled~~ $$<Add-OperationalCollections><01-16-2019 14:59:11.484><thread=0 (0x0)>
INFO: Configuration Manager Module already loaded~~ $$<Add-OperationalCollections><01-16-2019 14:59:35.808><thread=0 (0x0)>
All Systems | With Client. Collection already exist. Maintenance enabled~~ $$<Add-OperationalCollections><01-16-2019 14:59:36.145><thread=0 (0x0)>
All Systems | Without Client. Collection already exist. Maintenance enabled~~ $$<Add-OperationalCollections><01-16-2019 14:59:37.841><thread=0 (0x0)>
All Systems | With Client (Active). Collection already exist. Maintenance enabled~~ $$<Add-OperationalCollections><01-16-2019 14:59:39.430><thread=0 (0x0)>
All Systems | With Client (Inactive). Collection already exist. Maintenance enabled~~ $$<Add-OperationalCollections><01-16-2019 14:59:40.988><thread=0 (0x0)>
OS | Windows Workstation. Collection already exist. Maintenance enabled~~ $$<Add-OperationalCollections><01-16-2019 14:59:42.663><thread=0 (0x0)>
OS | Windows Workstation. Corrected collection comment~~ $$<Add-OperationalCollections><01-16-2019 14:59:43.214><thread=0 (0x0)>
OS | Windows Server. Collection already exist. Maintenance enabled~~ $$<Add-OperationalCollections><01-16-2019 14:59:44.552><thread=0 (0x0)>
OS | Windows Server. Corrected collection comment~~ $$<Add-OperationalCollections><01-16-2019 14:59:45.227><thread=0 (0x0)>
OS | Other. Collection already exist. Maintenance enabled~~ $$<Add-OperationalCollections><01-16-2019 14:59:46.548><thread=0 (0x0)>
OS | Other. Corrected collection comment~~ $$<Add-OperationalCollections><01-16-2019 14:59:47.120><thread=0 (0x0)>
INFO: Configuration Manager Module already loaded~~ $$<Add-OperationalCollections><01-16-2019 15:00:25.666><thread=0 (0x0)>
All Systems | With Client. Collection already exist. Maintenance enabled~~ $$<Add-OperationalCollections><01-16-2019 15:00:26.005><thread=0 (0x0)>
All Systems | Without Client. Collection already exist. Maintenance enabled~~ $$<Add-OperationalCollections><01-16-2019 15:00:27.583><thread=0 (0x0)>
All Systems | With Client (Active). Collection already exist. Maintenance enabled~~ $$<Add-OperationalCollections><01-16-2019 15:00:29.161><thread=0 (0x0)>
All Systems | With Client (Inactive). Collection already exist. Maintenance enabled~~ $$<Add-OperationalCollections><01-16-2019 15:00:30.724><thread=0 (0x0)>
INFO: Configuration Manager Module already loaded~~ $$<Add-OperationalCollections><01-16-2019 15:01:34.008><thread=0 (0x0)>
All Systems | With Client. Collection already exist. Maintenance enabled~~ $$<Add-OperationalCollections><01-16-2019 15:01:34.374><thread=0 (0x0)>
All Systems | Without Client. Collection already exist. Maintenance enabled~~ $$<Add-OperationalCollections><01-16-2019 15:01:35.987><thread=0 (0x0)>
All Systems | With Client (Active). Collection already exist. Maintenance enabled~~ $$<Add-OperationalCollections><01-16-2019 15:01:37.676><thread=0 (0x0)>
All Systems | With Client (Inactive). Collection already exist. Maintenance enabled~~ $$<Add-OperationalCollections><01-16-2019 15:01:39.239><thread=0 (0x0)>
INFO: Configuration Manager Module already loaded~~ $$<Add-OperationalCollections><01-16-2019 15:02:16.303><thread=0 (0x0)>
All Systems | With Client. Collection already exist. Maintenance enabled~~ $$<Add-OperationalCollections><01-16-2019 15:02:16.636><thread=0 (0x0)>
All Systems | Without Client. Collection already exist. Maintenance enabled~~ $$<Add-OperationalCollections><01-16-2019 15:02:18.378><thread=0 (0x0)>
All Systems | With Client (Active). Collection already exist. Maintenance enabled~~ $$<Add-OperationalCollections><01-16-2019 15:02:19.936><thread=0 (0x0)>
INFO: Configuration Manager Module already loaded~~ $$<Add-OperationalCollections><01-16-2019 15:02:33.697><thread=0 (0x0)>
All Systems | With Client. Collection already exist. Maintenance enabled~~ $$<Add-OperationalCollections><01-16-2019 15:02:34.023><thread=0 (0x0)>
All Systems | Without Client. Collection already exist. Maintenance enabled~~ $$<Add-OperationalCollections><01-16-2019 15:02:35.595><thread=0 (0x0)>
All Systems | With Client (Active). Collection already exist. Maintenance enabled~~ $$<Add-OperationalCollections><01-16-2019 15:02:37.174><thread=0 (0x0)>
All Systems | With Client (Inactive). Collection already exist. Maintenance enabled~~ $$<Add-OperationalCollections><01-16-2019 15:02:38.823><thread=0 (0x0)>
INFO: Configuration Manager Module already loaded~~ $$<Add-OperationalCollections><01-16-2019 15:04:13.681><thread=0 (0x0)>
All Systems | With Client. Collection already exist. Maintenance enabled~~ $$<Add-OperationalCollections><01-16-2019 15:04:14.072><thread=0 (0x0)>
All Systems | Without Client. Collection already exist. Maintenance enabled~~ $$<Add-OperationalCollections><01-16-2019 15:04:15.652><thread=0 (0x0)>
All Systems | With Client (Active). Collection already exist. Maintenance enabled~~ $$<Add-OperationalCollections><01-16-2019 15:04:17.252><thread=0 (0x0)>
INFO: Configuration Manager Module already loaded~~ $$<Add-OperationalCollections><01-16-2019 15:04:55.861><thread=0 (0x0)>
All Systems | With Client. Collection already exist. Maintenance enabled~~ $$<Add-OperationalCollections><01-16-2019 15:04:56.224><thread=0 (0x0)>
All Systems | Without Client. Collection already exist. Maintenance enabled~~ $$<Add-OperationalCollections><01-16-2019 15:05:05.198><thread=0 (0x0)>
INFO: Configuration Manager Module already loaded~~ $$<Add-OperationalCollections><01-16-2019 15:09:12.177><thread=0 (0x0)>
All Systems | With Client. Collection already exist. Maintenance enabled~~ $$<Add-OperationalCollections><01-16-2019 15:09:12.521><thread=0 (0x0)>
All Systems | Without Client. Collection already exist. Maintenance enabled~~ $$<Add-OperationalCollections><01-16-2019 15:09:19.675><thread=0 (0x0)>
All Systems | With Client (Active). Collection already exist. Maintenance enabled~~ $$<Add-OperationalCollections><01-16-2019 15:09:21.257><thread=0 (0x0)>
All Systems | With Client (Inactive). Collection already exist. Maintenance enabled~~ $$<Add-OperationalCollections><01-16-2019 15:09:22.833><thread=0 (0x0)>
OS | Windows Workstation. Collection already exist. Maintenance enabled~~ $$<Add-OperationalCollections><01-16-2019 15:09:24.396><thread=0 (0x0)>
OS | Windows Workstation. Corrected collection comment~~ $$<Add-OperationalCollections><01-16-2019 15:09:24.957><thread=0 (0x0)>
OS | Windows Server. Collection already exist. Maintenance enabled~~ $$<Add-OperationalCollections><01-16-2019 15:09:26.212><thread=0 (0x0)>
OS | Windows Server. Corrected collection comment~~ $$<Add-OperationalCollections><01-16-2019 15:09:26.764><thread=0 (0x0)>
INFO: Configuration Manager Module already loaded~~ $$<Add-OperationalCollections><01-16-2019 15:12:42.003><thread=0 (0x0)>
All Systems | With Client. Collection already exist. Maintenance enabled~~ $$<Add-OperationalCollections><01-16-2019 15:12:42.373><thread=0 (0x0)>
All Systems | Without Client. Collection already exist. Maintenance enabled~~ $$<Add-OperationalCollections><01-16-2019 15:12:43.992><thread=0 (0x0)>
All Systems | Without Client. Removed include membership rule (PR100071)~~ $$<Add-OperationalCollections><01-16-2019 15:12:45.556><thread=0 (0x0)>
All Systems | With Client (Active). Collection already exist. Maintenance enabled~~ $$<Add-OperationalCollections><01-16-2019 15:12:45.867><thread=0 (0x0)>
All Systems | With Client (Inactive). Collection already exist. Maintenance enabled~~ $$<Add-OperationalCollections><01-16-2019 15:12:47.445><thread=0 (0x0)>
OS | Windows Workstation. Collection already exist. Maintenance enabled~~ $$<Add-OperationalCollections><01-16-2019 15:12:49.009><thread=0 (0x0)>
OS | Windows Workstation. Corrected collection comment~~ $$<Add-OperationalCollections><01-16-2019 15:12:49.583><thread=0 (0x0)>
INFO: Configuration Manager Module already loaded~~ $$<Add-OperationalCollections><01-16-2019 15:15:04.566><thread=0 (0x0)>
All Systems | With Client. Collection already exist. Maintenance enabled~~ $$<Add-OperationalCollections><01-16-2019 15:15:04.963><thread=0 (0x0)>
All Systems | Without Client. Collection already exist. Maintenance enabled~~ $$<Add-OperationalCollections><01-16-2019 15:15:06.642><thread=0 (0x0)>
All Systems | Without Client. Removed include membership rule (OS | Other)~~ $$<Add-OperationalCollections><01-16-2019 15:15:08.405><thread=0 (0x0)>
All Systems | With Client (Active). Collection already exist. Maintenance enabled~~ $$<Add-OperationalCollections><01-16-2019 15:15:08.736><thread=0 (0x0)>
All Systems | With Client (Inactive). Collection already exist. Maintenance enabled~~ $$<Add-OperationalCollections><01-16-2019 15:15:10.326><thread=0 (0x0)>
OS | Windows Workstation. Collection already exist. Maintenance enabled~~ $$<Add-OperationalCollections><01-16-2019 15:15:11.887><thread=0 (0x0)>
INFO: Configuration Manager Module already loaded~~ $$<Add-OperationalCollections><01-16-2019 15:52:03.426><thread=0 (0x0)>
All Systems | With Client. Collection already exist. Maintenance enabled~~ $$<Add-OperationalCollections><01-16-2019 15:52:03.808><thread=0 (0x0)>
All Systems | Without Client. Collection already exist. Maintenance enabled~~ $$<Add-OperationalCollections><01-16-2019 15:52:05.763><thread=0 (0x0)>
All Systems | Without Client. Removed exclude membership rule (All Systems | With Client (Active))~~ $$<Add-OperationalCollections><01-16-2019 15:52:07.921><thread=0 (0x0)>
All Systems | With Client (Active). Collection already exist. Maintenance enabled~~ $$<Add-OperationalCollections><01-16-2019 15:52:08.245><thread=0 (0x0)>
All Systems | With Client (Inactive). Collection already exist. Maintenance enabled~~ $$<Add-OperationalCollections><01-16-2019 15:52:10.257><thread=0 (0x0)>
OS | Windows Workstation. Collection already exist. Maintenance enabled~~ $$<Add-OperationalCollections><01-16-2019 15:52:12.146><thread=0 (0x0)>
OS | Windows Workstation. Corrected collection comment~~ $$<Add-OperationalCollections><01-16-2019 15:52:12.697><thread=0 (0x0)>
OS | Windows Server. Collection already exist. Maintenance enabled~~ $$<Add-OperationalCollections><01-16-2019 15:52:14.271><thread=0 (0x0)>
OS | Windows Server. Corrected collection comment~~ $$<Add-OperationalCollections><01-16-2019 15:52:14.834><thread=0 (0x0)>
INFO: Configuration Manager Module already loaded~~ $$<Add-OperationalCollections><01-16-2019 16:00:05.412><thread=0 (0x0)>
All Systems | With Client. Collection already exist. Maintenance enabled~~ $$<Add-OperationalCollections><01-16-2019 16:00:05.802><thread=0 (0x0)>
All Systems | Without Client. Collection already exist. Maintenance enabled~~ $$<Add-OperationalCollections><01-16-2019 16:00:07.954><thread=0 (0x0)>
All Systems | With Client (Active). Collection already exist. Maintenance enabled~~ $$<Add-OperationalCollections><01-16-2019 16:00:09.874><thread=0 (0x0)>
All Systems | With Client (Inactive). Collection already exist. Maintenance enabled~~ $$<Add-OperationalCollections><01-16-2019 16:00:11.808><thread=0 (0x0)>
OS | Windows Workstation. Collection already exist. Maintenance enabled~~ $$<Add-OperationalCollections><01-16-2019 16:00:13.765><thread=0 (0x0)>
OS | Windows Workstation. Corrected collection comment~~ $$<Add-OperationalCollections><01-16-2019 16:00:14.348><thread=0 (0x0)>
OS | Windows Server. Collection already exist. Maintenance enabled~~ $$<Add-OperationalCollections><01-16-2019 16:00:15.922><thread=0 (0x0)>
OS | Windows Server. Corrected collection comment~~ $$<Add-OperationalCollections><01-16-2019 16:00:16.476><thread=0 (0x0)>
INFO: Configuration Manager Module already loaded~~ $$<Add-OperationalCollections><01-16-2019 16:01:12.412><thread=0 (0x0)>
All Systems | With Client. Collection already exist. Maintenance enabled~~ $$<Add-OperationalCollections><01-16-2019 16:01:12.746><thread=0 (0x0)>
ERROR. Error creating collection All Systems | Without Client. Error message: Cannot validate argument on parameter 'RefreshSchedule'. The argument is null or empty. Provide an argument that is not null or empty, and then try the command again.~~ $$<Add-OperationalCollections><01-16-2019 16:01:17.773><thread=0 (0x0)>
ERROR. Include membership collection All Systems doesn't exist. Couldn't be added to collection All Systems | Without Client~~ $$<Add-OperationalCollections><01-16-2019 16:01:18.296><thread=0 (0x0)>
ERROR. Exclude membership collection All Systems | With Client doesn't exist. Couldn't be added to collection All Systems | Without Client~~ $$<Add-OperationalCollections><01-16-2019 16:01:18.577><thread=0 (0x0)>
All Systems | With Client (Active). Collection already exist. Maintenance enabled~~ $$<Add-OperationalCollections><01-16-2019 16:01:18.902><thread=0 (0x0)>
INFO: Configuration Manager Module already loaded~~ $$<Add-OperationalCollections><01-16-2019 16:03:06.651><thread=0 (0x0)>
All Systems | With Client. Collection already exist. Maintenance enabled~~ $$<Add-OperationalCollections><01-16-2019 16:03:07.026><thread=0 (0x0)>
ERROR. Error creating collection All Systems | Without Client. Error message: Cannot validate argument on parameter 'RefreshSchedule'. The argument is null or empty. Provide an argument that is not null or empty, and then try the command again.~~ $$<Add-OperationalCollections><01-16-2019 16:03:11.808><thread=0 (0x0)>
ERROR. Include membership collection All Systems doesn't exist. Couldn't be added to collection All Systems | Without Client~~ $$<Add-OperationalCollections><01-16-2019 16:03:12.356><thread=0 (0x0)>
ERROR. Exclude membership collection All Systems | With Client doesn't exist. Couldn't be added to collection All Systems | Without Client~~ $$<Add-OperationalCollections><01-16-2019 16:03:12.626><thread=0 (0x0)>
INFO: Configuration Manager Module already loaded~~ $$<Add-OperationalCollections><01-16-2019 16:05:03.797><thread=0 (0x0)>
All Systems | With Client. Collection already exist. Maintenance enabled~~ $$<Add-OperationalCollections><01-16-2019 16:05:04.175><thread=0 (0x0)>
ERROR. All Systems | With Client. Could not correct refresh schedule. Error message: Cannot validate argument on parameter 'RefreshSchedule'. The argument is null or empty. Provide an argument that is not null or empty, and then try the command again.~~ $$<Add-OperationalCollections><01-16-2019 16:05:04.607><thread=0 (0x0)>
INFO: Configuration Manager Module already loaded~~ $$<Add-OperationalCollections><01-16-2019 16:06:10.651><thread=0 (0x0)>
All Systems | With Client. Collection already exist. Maintenance enabled~~ $$<Add-OperationalCollections><01-16-2019 16:06:11.026><thread=0 (0x0)>
ERROR. Error creating collection All Systems | Without Client. Error message: Cannot validate argument on parameter 'RefreshSchedule'. The argument is null or empty. Provide an argument that is not null or empty, and then try the command again.~~ $$<Add-OperationalCollections><01-16-2019 16:06:16.069><thread=0 (0x0)>
ERROR. Include membership collection All Systems doesn't exist. Couldn't be added to collection All Systems | Without Client~~ $$<Add-OperationalCollections><01-16-2019 16:06:16.603><thread=0 (0x0)>
ERROR. Exclude membership collection All Systems | With Client doesn't exist. Couldn't be added to collection All Systems | Without Client~~ $$<Add-OperationalCollections><01-16-2019 16:06:16.868><thread=0 (0x0)>
All Systems | With Client (Active). Collection already exist. Maintenance enabled~~ $$<Add-OperationalCollections><01-16-2019 16:06:17.196><thread=0 (0x0)>
INFO: Configuration Manager Module already loaded~~ $$<Add-OperationalCollections><01-16-2019 16:07:28.363><thread=0 (0x0)>
All Systems | With Client. Collection already exist. Maintenance enabled~~ $$<Add-OperationalCollections><01-16-2019 16:07:28.734><thread=0 (0x0)>
ERROR. Error creating collection All Systems | Without Client. Error message: Cannot validate argument on parameter 'RefreshSchedule'. The argument is null or empty. Provide an argument that is not null or empty, and then try the command again.~~ $$<Add-OperationalCollections><01-16-2019 16:07:33.476><thread=0 (0x0)>
ERROR. Include membership collection All Systems doesn't exist. Couldn't be added to collection All Systems | Without Client~~ $$<Add-OperationalCollections><01-16-2019 16:07:33.994><thread=0 (0x0)>
ERROR. Exclude membership collection All Systems | With Client doesn't exist. Couldn't be added to collection All Systems | Without Client~~ $$<Add-OperationalCollections><01-16-2019 16:07:34.259><thread=0 (0x0)>
All Systems | With Client (Active). Collection already exist. Maintenance enabled~~ $$<Add-OperationalCollections><01-16-2019 16:07:34.581><thread=0 (0x0)>
INFO: Configuration Manager Module already loaded~~ $$<Add-OperationalCollections><01-16-2019 16:10:05.956><thread=0 (0x0)>
All Systems | With Client. Collection already exist. Maintenance enabled~~ $$<Add-OperationalCollections><01-16-2019 16:10:06.333><thread=0 (0x0)>
ERROR. Error creating collection All Systems | Without Client. Error message: Cannot validate argument on parameter 'RefreshSchedule'. The argument is null or empty. Provide an argument that is not null or empty, and then try the command again.~~ $$<Add-OperationalCollections><01-16-2019 16:10:11.095><thread=0 (0x0)>
ERROR. Include membership collection All Systems doesn't exist. Couldn't be added to collection All Systems | Without Client~~ $$<Add-OperationalCollections><01-16-2019 16:10:11.621><thread=0 (0x0)>
ERROR. Exclude membership collection All Systems | With Client doesn't exist. Couldn't be added to collection All Systems | Without Client~~ $$<Add-OperationalCollections><01-16-2019 16:10:11.887><thread=0 (0x0)>
All Systems | With Client (Active). Collection already exist. Maintenance enabled~~ $$<Add-OperationalCollections><01-16-2019 16:10:12.210><thread=0 (0x0)>
INFO: Configuration Manager Module already loaded~~ $$<Add-OperationalCollections><01-16-2019 16:11:49.352><thread=0 (0x0)>
All Systems | With Client. Collection already exist. Maintenance enabled~~ $$<Add-OperationalCollections><01-16-2019 16:11:49.715><thread=0 (0x0)>
ERROR. Error creating collection All Systems | Without Client. Error message: Cannot validate argument on parameter 'RefreshSchedule'. The argument is null or empty. Provide an argument that is not null or empty, and then try the command again.~~ $$<Add-OperationalCollections><01-16-2019 16:11:54.406><thread=0 (0x0)>
ERROR. Include membership collection All Systems doesn't exist. Couldn't be added to collection All Systems | Without Client~~ $$<Add-OperationalCollections><01-16-2019 16:11:54.933><thread=0 (0x0)>
ERROR. Exclude membership collection All Systems | With Client doesn't exist. Couldn't be added to collection All Systems | Without Client~~ $$<Add-OperationalCollections><01-16-2019 16:11:55.198><thread=0 (0x0)>
All Systems | With Client (Active). Collection already exist. Maintenance enabled~~ $$<Add-OperationalCollections><01-16-2019 16:11:55.525><thread=0 (0x0)>
INFO: Configuration Manager Module already loaded~~ $$<Add-OperationalCollections><01-16-2019 16:12:24.501><thread=0 (0x0)>
All Systems | With Client. Collection already exist. Maintenance enabled~~ $$<Add-OperationalCollections><01-16-2019 16:12:24.868><thread=0 (0x0)>
INFO: Configuration Manager Module already loaded~~ $$<Add-OperationalCollections><01-16-2019 16:14:47.276><thread=0 (0x0)>
All Systems | With Client. Collection already exist. Maintenance enabled~~ $$<Add-OperationalCollections><01-16-2019 16:14:47.669><thread=0 (0x0)>
INFO: Configuration Manager Module already loaded~~ $$<Add-OperationalCollections><01-16-2019 16:16:24.063><thread=0 (0x0)>
All Systems | With Client. Collection already exist. Maintenance enabled~~ $$<Add-OperationalCollections><01-16-2019 16:16:24.443><thread=0 (0x0)>
Created collection All Systems | Without Client~~ $$<Add-OperationalCollections><01-16-2019 16:16:39.054><thread=0 (0x0)>
Added include membership rule to collection All Systems | Without Client~~ $$<Add-OperationalCollections><01-16-2019 16:16:41.188><thread=0 (0x0)>
Added exclude membership rule to collection All Systems | Without Client~~ $$<Add-OperationalCollections><01-16-2019 16:16:42.154><thread=0 (0x0)>
All Systems | With Client (Active). Collection already exist. Maintenance enabled~~ $$<Add-OperationalCollections><01-16-2019 16:16:42.470><thread=0 (0x0)>
All Systems | With Client (Active). Corrected refresh schedule~~ $$<Add-OperationalCollections><01-16-2019 16:16:43.251><thread=0 (0x0)>
All Systems | With Client (Inactive). Collection already exist. Maintenance enabled~~ $$<Add-OperationalCollections><01-16-2019 16:16:44.814><thread=0 (0x0)>
OS | Windows Workstation. Collection already exist. Maintenance enabled~~ $$<Add-OperationalCollections><01-16-2019 16:16:46.689><thread=0 (0x0)>
OS | Windows Workstation. Corrected collection comment~~ $$<Add-OperationalCollections><01-16-2019 16:16:47.239><thread=0 (0x0)>
INFO: Configuration Manager Module already loaded~~ $$<Add-OperationalCollections><01-16-2019 16:22:22.399><thread=0 (0x0)>
All Systems | With Client. Collection already exist. Maintenance enabled~~ $$<Add-OperationalCollections><01-16-2019 16:22:22.782><thread=0 (0x0)>
All Systems | Without Client. Collection already exist. Maintenance enabled~~ $$<Add-OperationalCollections><01-16-2019 16:22:24.693><thread=0 (0x0)>
All Systems | Without Client. Corrected collection comment~~ $$<Add-OperationalCollections><01-16-2019 16:22:25.298><thread=0 (0x0)>
All Systems | With Client (Active). Collection already exist. Maintenance enabled~~ $$<Add-OperationalCollections><01-16-2019 16:22:26.879><thread=0 (0x0)>
All Systems | With Client (Active). Corrected collection comment~~ $$<Add-OperationalCollections><01-16-2019 16:22:27.490><thread=0 (0x0)>
All Systems | With Client (Inactive). Collection already exist. Maintenance enabled~~ $$<Add-OperationalCollections><01-16-2019 16:22:29.051><thread=0 (0x0)>
All Systems | With Client (Inactive). Corrected collection comment~~ $$<Add-OperationalCollections><01-16-2019 16:22:29.684><thread=0 (0x0)>
OS | Windows Workstation. Collection already exist. Maintenance enabled~~ $$<Add-OperationalCollections><01-16-2019 16:22:31.256><thread=0 (0x0)>
OS | Windows Workstation. Corrected collection comment~~ $$<Add-OperationalCollections><01-16-2019 16:22:31.808><thread=0 (0x0)>
OS | Windows Server. Collection already exist. Maintenance enabled~~ $$<Add-OperationalCollections><01-16-2019 16:22:33.381><thread=0 (0x0)>
OS | Windows Server. Corrected collection comment~~ $$<Add-OperationalCollections><01-16-2019 16:22:33.935><thread=0 (0x0)>
OS | Other. Collection already exist. Maintenance enabled~~ $$<Add-OperationalCollections><01-16-2019 16:22:35.505><thread=0 (0x0)>
OS | Other. Corrected collection comment~~ $$<Add-OperationalCollections><01-16-2019 16:22:36.079><thread=0 (0x0)>
OS | Windows Workstation | Windows 7. Collection already exist. Maintenance enabled~~ $$<Add-OperationalCollections><01-16-2019 16:22:37.733><thread=0 (0x0)>
OS | Windows Workstation | Windows 7. Corrected collection comment~~ $$<Add-OperationalCollections><01-16-2019 16:22:38.302><thread=0 (0x0)>
OS | Windows Workstation | Windows 8. Collection already exist. Maintenance enabled~~ $$<Add-OperationalCollections><01-16-2019 16:22:39.956><thread=0 (0x0)>
OS | Windows Workstation | Windows 8. Corrected collection comment~~ $$<Add-OperationalCollections><01-16-2019 16:22:40.555><thread=0 (0x0)>
OS | Windows Workstation | Windows 8.1. Collection already exist. Maintenance enabled~~ $$<Add-OperationalCollections><01-16-2019 16:22:42.328><thread=0 (0x0)>
OS | Windows Workstation | Windows 8.1. Corrected collection comment~~ $$<Add-OperationalCollections><01-16-2019 16:22:42.920><thread=0 (0x0)>
OS | Windows Workstation | Windows 10. Collection already exist. Maintenance enabled~~ $$<Add-OperationalCollections><01-16-2019 16:22:44.595><thread=0 (0x0)>
OS | Windows Workstation | Windows 10. Corrected collection comment~~ $$<Add-OperationalCollections><01-16-2019 16:22:45.218><thread=0 (0x0)>
OS | Windows Workstation | Windows 10 | 1507 (build 10240). Collection already exist. Maintenance enabled~~ $$<Add-OperationalCollections><01-16-2019 16:22:46.899><thread=0 (0x0)>
OS | Windows Workstation | Windows 10 | 1507 (build 10240). Corrected collection comment~~ $$<Add-OperationalCollections><01-16-2019 16:22:47.478><thread=0 (0x0)>
OS | Windows Workstation | Windows 10 | 1511 (build 10586). Collection already exist. Maintenance enabled~~ $$<Add-OperationalCollections><01-16-2019 16:22:49.270><thread=0 (0x0)>
OS | Windows Workstation | Windows 10 | 1511 (build 10586). Corrected collection comment~~ $$<Add-OperationalCollections><01-16-2019 16:22:49.864><thread=0 (0x0)>
OS | Windows Workstation | Windows 10 | 1607 (build 14393). Collection already exist. Maintenance enabled~~ $$<Add-OperationalCollections><01-16-2019 16:22:51.786><thread=0 (0x0)>
OS | Windows Workstation | Windows 10 | 1607 (build 14393). Corrected collection comment~~ $$<Add-OperationalCollections><01-16-2019 16:22:52.361><thread=0 (0x0)>
